[Startup]
2017-11-07 16:36:41.310 [1] INFO - Acquirer is running, press any key to stop it...
2017-11-07 16:36:41.526 [4] INFO - Acquirer: accepting connections on local end point 127.0.0.1:8583.
[Startup]
2017-11-07 16:38:27.854 [1] INFO - Acquirer is running, press any key to stop it...
2017-11-07 16:38:28.035 [4] INFO - Acquirer: accepting connections on local end point 127.0.0.1:8583.
2017-11-07 16:38:40.119 [3] INFO - Acquirer: connection accepted from 127.0.0.1:53425 on local end point 127.0.0.1:8583.
2017-11-07 16:38:41.072 [3] DEBUG - Frame delimiter of 46 byte/s fulfilled.
2017-11-07 16:38:41.080 [3] DEBUG - Decoded field     0: [3,7,11,24,41,42]
2017-11-07 16:38:41.080 [3] DEBUG - Decoded field     3: [990000]
2017-11-07 16:38:41.080 [3] DEBUG - Decoded field     7: [1107163841]
2017-11-07 16:38:41.080 [3] DEBUG - Decoded field    11: [1]
2017-11-07 16:38:41.080 [3] DEBUG - Decoded field    24: [101]
2017-11-07 16:38:41.084 [3] DEBUG - Decoded field    41: [12]
2017-11-07 16:38:41.084 [3] DEBUG - Decoded field    42: [MC-1]
2017-11-07 16:38:41.088 [3] DEBUG - Acquirer child-1 raw received data consumed in the pipeline 48 byte/s:
     1 |...." ...À........8A| 00 2E 08 00 22 20 01 00 00 C0 00 00 99 00 00 11 07 16 38 41
    21 |.....12      MC-1   | 00 00 01 01 01 31 32 20 20 20 20 20 20 4D 43 2D 31 20 20 20
    41 |        |             20 20 20 20 20 20 20 20
2017-11-07 16:38:41.088 [3] INFO - Acquirer child-1 received message: M:800,0:[3,7,11,24,41,42],3:990000,7:1107163841,11:1,24:101,41:12,42:MC-1
2017-11-07 16:38:41.099 [4] INFO - Acquirer child-1 message to send: M:810,0:[3,7,11,24,39,41,42],3:990000,7:1107163841,11:1,24:101,39:00,41:12,42:MC-1
2017-11-07 16:38:41.099 [4] DEBUG - Acquirer child-1 raw data to send (50 bytes): 
     1 |.0.." ...À........8A| 00 30 08 10 22 20 01 00 02 C0 00 00 99 00 00 11 07 16 38 41
    21 |.....0012      MC-1 | 00 00 01 01 01 30 30 31 32 20 20 20 20 20 20 4D 43 2D 31 20
    41 |          |           20 20 20 20 20 20 20 20 20 20
2017-11-07 16:38:43.053 [3] DEBUG - Frame delimiter of 46 byte/s fulfilled.
2017-11-07 16:38:43.053 [3] DEBUG - Decoded field     0: [3,7,11,24,41,42]
2017-11-07 16:38:43.054 [3] DEBUG - Decoded field     3: [990000]
2017-11-07 16:38:43.054 [3] DEBUG - Decoded field     7: [1107163843]
2017-11-07 16:38:43.054 [3] DEBUG - Decoded field    11: [2]
2017-11-07 16:38:43.054 [3] DEBUG - Decoded field    24: [101]
2017-11-07 16:38:43.054 [3] DEBUG - Decoded field    41: [12]
2017-11-07 16:38:43.054 [3] DEBUG - Decoded field    42: [MC-1]
2017-11-07 16:38:43.055 [3] DEBUG - Acquirer child-1 raw received data consumed in the pipeline 48 byte/s:
     1 |...." ...À........8C| 00 2E 08 00 22 20 01 00 00 C0 00 00 99 00 00 11 07 16 38 43
    21 |.....12      MC-1   | 00 00 02 01 01 31 32 20 20 20 20 20 20 4D 43 2D 31 20 20 20
    41 |        |             20 20 20 20 20 20 20 20
2017-11-07 16:38:43.056 [3] INFO - Acquirer child-1 received message: M:800,0:[3,7,11,24,41,42],3:990000,7:1107163843,11:2,24:101,41:12,42:MC-1
2017-11-07 16:38:43.056 [4] INFO - Acquirer child-1 message to send: M:810,0:[3,7,11,24,39,41,42],3:990000,7:1107163843,11:2,24:101,39:00,41:12,42:MC-1
2017-11-07 16:38:43.056 [4] DEBUG - Acquirer child-1 raw data to send (50 bytes): 
     1 |.0.." ...À........8C| 00 30 08 10 22 20 01 00 02 C0 00 00 99 00 00 11 07 16 38 43
    21 |.....0012      MC-1 | 00 00 02 01 01 30 30 31 32 20 20 20 20 20 20 4D 43 2D 31 20
    41 |          |           20 20 20 20 20 20 20 20 20 20
2017-11-07 16:38:45.057 [3] DEBUG - Frame delimiter of 46 byte/s fulfilled.
2017-11-07 16:38:45.057 [3] DEBUG - Decoded field     0: [3,7,11,24,41,42]
2017-11-07 16:38:45.058 [3] DEBUG - Decoded field     3: [990000]
2017-11-07 16:38:45.058 [3] DEBUG - Decoded field     7: [1107163845]
2017-11-07 16:38:45.059 [3] DEBUG - Decoded field    11: [3]
2017-11-07 16:38:45.059 [3] DEBUG - Decoded field    24: [101]
2017-11-07 16:38:45.060 [3] DEBUG - Decoded field    41: [12]
2017-11-07 16:38:45.060 [3] DEBUG - Decoded field    42: [MC-1]
2017-11-07 16:38:45.061 [3] DEBUG - Acquirer child-1 raw received data consumed in the pipeline 48 byte/s:
     1 |...." ...À........8E| 00 2E 08 00 22 20 01 00 00 C0 00 00 99 00 00 11 07 16 38 45
    21 |.....12      MC-1   | 00 00 03 01 01 31 32 20 20 20 20 20 20 4D 43 2D 31 20 20 20
    41 |        |             20 20 20 20 20 20 20 20
2017-11-07 16:38:45.061 [3] INFO - Acquirer child-1 received message: M:800,0:[3,7,11,24,41,42],3:990000,7:1107163845,11:3,24:101,41:12,42:MC-1
2017-11-07 16:38:45.062 [4] INFO - Acquirer child-1 message to send: M:810,0:[3,7,11,24,39,41,42],3:990000,7:1107163845,11:3,24:101,39:00,41:12,42:MC-1
2017-11-07 16:38:45.062 [4] DEBUG - Acquirer child-1 raw data to send (50 bytes): 
     1 |.0.." ...À........8E| 00 30 08 10 22 20 01 00 02 C0 00 00 99 00 00 11 07 16 38 45
    21 |.....0012      MC-1 | 00 00 03 01 01 30 30 31 32 20 20 20 20 20 20 4D 43 2D 31 20
    41 |          |           20 20 20 20 20 20 20 20 20 20
2017-11-07 16:38:47.059 [3] DEBUG - Frame delimiter of 46 byte/s fulfilled.
2017-11-07 16:38:47.059 [3] DEBUG - Decoded field     0: [3,7,11,24,41,42]
2017-11-07 16:38:47.059 [3] DEBUG - Decoded field     3: [990000]
2017-11-07 16:38:47.059 [3] DEBUG - Decoded field     7: [1107163847]
2017-11-07 16:38:47.059 [3] DEBUG - Decoded field    11: [4]
2017-11-07 16:38:47.063 [3] DEBUG - Decoded field    24: [101]
2017-11-07 16:38:47.063 [3] DEBUG - Decoded field    41: [12]
2017-11-07 16:38:47.063 [3] DEBUG - Decoded field    42: [MC-1]
2017-11-07 16:38:47.063 [3] DEBUG - Acquirer child-1 raw received data consumed in the pipeline 48 byte/s:
     1 |...." ...À........8G| 00 2E 08 00 22 20 01 00 00 C0 00 00 99 00 00 11 07 16 38 47
    21 |.....12      MC-1   | 00 00 04 01 01 31 32 20 20 20 20 20 20 4D 43 2D 31 20 20 20
    41 |        |             20 20 20 20 20 20 20 20
2017-11-07 16:38:47.063 [3] INFO - Acquirer child-1 received message: M:800,0:[3,7,11,24,41,42],3:990000,7:1107163847,11:4,24:101,41:12,42:MC-1
2017-11-07 16:38:47.063 [4] INFO - Acquirer child-1 message to send: M:810,0:[3,7,11,24,39,41,42],3:990000,7:1107163847,11:4,24:101,39:00,41:12,42:MC-1
2017-11-07 16:38:47.063 [4] DEBUG - Acquirer child-1 raw data to send (50 bytes): 
     1 |.0.." ...À........8G| 00 30 08 10 22 20 01 00 02 C0 00 00 99 00 00 11 07 16 38 47
    21 |.....0012      MC-1 | 00 00 04 01 01 30 30 31 32 20 20 20 20 20 20 4D 43 2D 31 20
    41 |          |           20 20 20 20 20 20 20 20 20 20
2017-11-07 16:38:49.060 [3] DEBUG - Frame delimiter of 46 byte/s fulfilled.
2017-11-07 16:38:49.269 [3] DEBUG - Decoded field     0: [3,7,11,24,41,42]
2017-11-07 16:38:49.269 [3] DEBUG - Decoded field     3: [990000]
2017-11-07 16:38:49.269 [3] DEBUG - Decoded field     7: [1107163849]
2017-11-07 16:38:49.272 [3] DEBUG - Decoded field    11: [5]
2017-11-07 16:38:49.272 [3] DEBUG - Decoded field    24: [101]
2017-11-07 16:38:49.272 [3] DEBUG - Decoded field    41: [12]
2017-11-07 16:38:49.272 [3] DEBUG - Decoded field    42: [MC-1]
2017-11-07 16:38:49.272 [3] DEBUG - Acquirer child-1 raw received data consumed in the pipeline 48 byte/s:
     1 |...." ...À........8I| 00 2E 08 00 22 20 01 00 00 C0 00 00 99 00 00 11 07 16 38 49
    21 |.....12      MC-1   | 00 00 05 01 01 31 32 20 20 20 20 20 20 4D 43 2D 31 20 20 20
    41 |        |             20 20 20 20 20 20 20 20
2017-11-07 16:38:49.272 [3] INFO - Acquirer child-1 received message: M:800,0:[3,7,11,24,41,42],3:990000,7:1107163849,11:5,24:101,41:12,42:MC-1
2017-11-07 16:38:49.276 [4] INFO - Acquirer child-1 message to send: M:810,0:[3,7,11,24,39,41,42],3:990000,7:1107163849,11:5,24:101,39:00,41:12,42:MC-1
2017-11-07 16:38:49.276 [4] DEBUG - Acquirer child-1 raw data to send (50 bytes): 
     1 |.0.." ...À........8I| 00 30 08 10 22 20 01 00 02 C0 00 00 99 00 00 11 07 16 38 49
    21 |.....0012      MC-1 | 00 00 05 01 01 30 30 31 32 20 20 20 20 20 20 4D 43 2D 31 20
    41 |          |           20 20 20 20 20 20 20 20 20 20
2017-11-07 16:38:51.063 [3] DEBUG - Frame delimiter of 46 byte/s fulfilled.
2017-11-07 16:38:51.063 [3] DEBUG - Decoded field     0: [3,7,11,24,41,42]
2017-11-07 16:38:51.063 [3] DEBUG - Decoded field     3: [990000]
2017-11-07 16:38:51.063 [3] DEBUG - Decoded field     7: [1107163851]
2017-11-07 16:38:51.063 [3] DEBUG - Decoded field    11: [6]
2017-11-07 16:38:51.063 [3] DEBUG - Decoded field    24: [101]
2017-11-07 16:38:51.063 [3] DEBUG - Decoded field    41: [12]
2017-11-07 16:38:51.063 [3] DEBUG - Decoded field    42: [MC-1]
2017-11-07 16:38:51.063 [3] DEBUG - Acquirer child-1 raw received data consumed in the pipeline 48 byte/s:
     1 |...." ...À........8Q| 00 2E 08 00 22 20 01 00 00 C0 00 00 99 00 00 11 07 16 38 51
    21 |.....12      MC-1   | 00 00 06 01 01 31 32 20 20 20 20 20 20 4D 43 2D 31 20 20 20
    41 |        |             20 20 20 20 20 20 20 20
2017-11-07 16:38:51.067 [3] INFO - Acquirer child-1 received message: M:800,0:[3,7,11,24,41,42],3:990000,7:1107163851,11:6,24:101,41:12,42:MC-1
2017-11-07 16:38:51.067 [4] INFO - Acquirer child-1 message to send: M:810,0:[3,7,11,24,39,41,42],3:990000,7:1107163851,11:6,24:101,39:00,41:12,42:MC-1
2017-11-07 16:38:51.067 [4] DEBUG - Acquirer child-1 raw data to send (50 bytes): 
     1 |.0.." ...À........8Q| 00 30 08 10 22 20 01 00 02 C0 00 00 99 00 00 11 07 16 38 51
    21 |.....0012      MC-1 | 00 00 06 01 01 30 30 31 32 20 20 20 20 20 20 4D 43 2D 31 20
    41 |          |           20 20 20 20 20 20 20 20 20 20
2017-11-07 16:38:53.065 [3] DEBUG - Frame delimiter of 46 byte/s fulfilled.
2017-11-07 16:38:53.065 [3] DEBUG - Decoded field     0: [3,7,11,24,41,42]
2017-11-07 16:38:53.065 [3] DEBUG - Decoded field     3: [990000]
2017-11-07 16:38:53.065 [3] DEBUG - Decoded field     7: [1107163853]
2017-11-07 16:38:53.065 [3] DEBUG - Decoded field    11: [7]
2017-11-07 16:38:53.065 [3] DEBUG - Decoded field    24: [101]
2017-11-07 16:38:53.065 [3] DEBUG - Decoded field    41: [12]
2017-11-07 16:38:53.065 [3] DEBUG - Decoded field    42: [MC-1]
2017-11-07 16:38:53.065 [3] DEBUG - Acquirer child-1 raw received data consumed in the pipeline 48 byte/s:
     1 |...." ...À........8S| 00 2E 08 00 22 20 01 00 00 C0 00 00 99 00 00 11 07 16 38 53
    21 |.....12      MC-1   | 00 00 07 01 01 31 32 20 20 20 20 20 20 4D 43 2D 31 20 20 20
    41 |        |             20 20 20 20 20 20 20 20
2017-11-07 16:38:53.069 [3] INFO - Acquirer child-1 received message: M:800,0:[3,7,11,24,41,42],3:990000,7:1107163853,11:7,24:101,41:12,42:MC-1
2017-11-07 16:38:53.069 [4] INFO - Acquirer child-1 message to send: M:810,0:[3,7,11,24,39,41,42],3:990000,7:1107163853,11:7,24:101,39:00,41:12,42:MC-1
2017-11-07 16:38:53.069 [4] DEBUG - Acquirer child-1 raw data to send (50 bytes): 
     1 |.0.." ...À........8S| 00 30 08 10 22 20 01 00 02 C0 00 00 99 00 00 11 07 16 38 53
    21 |.....0012      MC-1 | 00 00 07 01 01 30 30 31 32 20 20 20 20 20 20 4D 43 2D 31 20
    41 |          |           20 20 20 20 20 20 20 20 20 20
2017-11-07 16:38:55.067 [3] DEBUG - Frame delimiter of 46 byte/s fulfilled.
2017-11-07 16:38:55.067 [3] DEBUG - Decoded field     0: [3,7,11,24,41,42]
2017-11-07 16:38:55.067 [3] DEBUG - Decoded field     3: [990000]
2017-11-07 16:38:55.067 [3] DEBUG - Decoded field     7: [1107163855]
2017-11-07 16:38:55.067 [3] DEBUG - Decoded field    11: [8]
2017-11-07 16:38:55.067 [3] DEBUG - Decoded field    24: [101]
2017-11-07 16:38:55.067 [3] DEBUG - Decoded field    41: [12]
2017-11-07 16:38:55.067 [3] DEBUG - Decoded field    42: [MC-1]
2017-11-07 16:38:55.067 [3] DEBUG - Acquirer child-1 raw received data consumed in the pipeline 48 byte/s:
     1 |...." ...À........8U| 00 2E 08 00 22 20 01 00 00 C0 00 00 99 00 00 11 07 16 38 55
    21 |.....12      MC-1   | 00 00 08 01 01 31 32 20 20 20 20 20 20 4D 43 2D 31 20 20 20
    41 |        |             20 20 20 20 20 20 20 20
2017-11-07 16:38:55.067 [3] INFO - Acquirer child-1 received message: M:800,0:[3,7,11,24,41,42],3:990000,7:1107163855,11:8,24:101,41:12,42:MC-1
2017-11-07 16:38:55.067 [4] INFO - Acquirer child-1 message to send: M:810,0:[3,7,11,24,39,41,42],3:990000,7:1107163855,11:8,24:101,39:00,41:12,42:MC-1
2017-11-07 16:38:55.067 [4] DEBUG - Acquirer child-1 raw data to send (50 bytes): 
     1 |.0.." ...À........8U| 00 30 08 10 22 20 01 00 02 C0 00 00 99 00 00 11 07 16 38 55
    21 |.....0012      MC-1 | 00 00 08 01 01 30 30 31 32 20 20 20 20 20 20 4D 43 2D 31 20
    41 |          |           20 20 20 20 20 20 20 20 20 20
2017-11-07 16:38:57.069 [3] DEBUG - Frame delimiter of 46 byte/s fulfilled.
2017-11-07 16:38:57.069 [3] DEBUG - Decoded field     0: [3,7,11,24,41,42]
2017-11-07 16:38:57.069 [3] DEBUG - Decoded field     3: [990000]
2017-11-07 16:38:57.069 [3] DEBUG - Decoded field     7: [1107163857]
2017-11-07 16:38:57.069 [3] DEBUG - Decoded field    11: [9]
2017-11-07 16:38:57.069 [3] DEBUG - Decoded field    24: [101]
2017-11-07 16:38:57.069 [3] DEBUG - Decoded field    41: [12]
2017-11-07 16:38:57.069 [3] DEBUG - Decoded field    42: [MC-1]
2017-11-07 16:38:57.069 [3] DEBUG - Acquirer child-1 raw received data consumed in the pipeline 48 byte/s:
     1 |...." ...À........8W| 00 2E 08 00 22 20 01 00 00 C0 00 00 99 00 00 11 07 16 38 57
    21 |.....12      MC-1   | 00 00 09 01 01 31 32 20 20 20 20 20 20 4D 43 2D 31 20 20 20
    41 |        |             20 20 20 20 20 20 20 20
2017-11-07 16:38:57.069 [3] INFO - Acquirer child-1 received message: M:800,0:[3,7,11,24,41,42],3:990000,7:1107163857,11:9,24:101,41:12,42:MC-1
2017-11-07 16:38:57.069 [4] INFO - Acquirer child-1 message to send: M:810,0:[3,7,11,24,39,41,42],3:990000,7:1107163857,11:9,24:101,39:00,41:12,42:MC-1
2017-11-07 16:38:57.069 [4] DEBUG - Acquirer child-1 raw data to send (50 bytes): 
     1 |.0.." ...À........8W| 00 30 08 10 22 20 01 00 02 C0 00 00 99 00 00 11 07 16 38 57
    21 |.....0012      MC-1 | 00 00 09 01 01 30 30 31 32 20 20 20 20 20 20 4D 43 2D 31 20
    41 |          |           20 20 20 20 20 20 20 20 20 20
2017-11-07 16:38:59.070 [6] DEBUG - Frame delimiter of 46 byte/s fulfilled.
2017-11-07 16:38:59.070 [6] DEBUG - Decoded field     0: [3,7,11,24,41,42]
2017-11-07 16:38:59.070 [6] DEBUG - Decoded field     3: [990000]
2017-11-07 16:38:59.070 [6] DEBUG - Decoded field     7: [1107163859]
2017-11-07 16:38:59.070 [6] DEBUG - Decoded field    11: [10]
2017-11-07 16:38:59.070 [6] DEBUG - Decoded field    24: [101]
2017-11-07 16:38:59.070 [6] DEBUG - Decoded field    41: [12]
2017-11-07 16:38:59.070 [6] DEBUG - Decoded field    42: [MC-1]
2017-11-07 16:38:59.070 [6] DEBUG - Acquirer child-1 raw received data consumed in the pipeline 48 byte/s:
     1 |...." ...À........8Y| 00 2E 08 00 22 20 01 00 00 C0 00 00 99 00 00 11 07 16 38 59
    21 |.....12      MC-1   | 00 00 10 01 01 31 32 20 20 20 20 20 20 4D 43 2D 31 20 20 20
    41 |        |             20 20 20 20 20 20 20 20
2017-11-07 16:38:59.070 [6] INFO - Acquirer child-1 received message: M:800,0:[3,7,11,24,41,42],3:990000,7:1107163859,11:10,24:101,41:12,42:MC-1
2017-11-07 16:38:59.070 [4] INFO - Acquirer child-1 message to send: M:810,0:[3,7,11,24,39,41,42],3:990000,7:1107163859,11:10,24:101,39:00,41:12,42:MC-1
2017-11-07 16:38:59.070 [4] DEBUG - Acquirer child-1 raw data to send (50 bytes): 
     1 |.0.." ...À........8Y| 00 30 08 10 22 20 01 00 02 C0 00 00 99 00 00 11 07 16 38 59
    21 |.....0012      MC-1 | 00 00 10 01 01 30 30 31 32 20 20 20 20 20 20 4D 43 2D 31 20
    41 |          |           20 20 20 20 20 20 20 20 20 20
2017-11-07 16:39:01.085 [6] DEBUG - Frame delimiter of 46 byte/s fulfilled.
2017-11-07 16:39:01.085 [6] DEBUG - Decoded field     0: [3,7,11,24,41,42]
2017-11-07 16:39:01.085 [6] DEBUG - Decoded field     3: [990000]
2017-11-07 16:39:01.085 [6] DEBUG - Decoded field     7: [1107163901]
2017-11-07 16:39:01.085 [6] DEBUG - Decoded field    11: [11]
2017-11-07 16:39:01.085 [6] DEBUG - Decoded field    24: [101]
2017-11-07 16:39:01.085 [6] DEBUG - Decoded field    41: [12]
2017-11-07 16:39:01.085 [6] DEBUG - Decoded field    42: [MC-1]
2017-11-07 16:39:01.085 [6] DEBUG - Acquirer child-1 raw received data consumed in the pipeline 48 byte/s:
     1 |...." ...À........9.| 00 2E 08 00 22 20 01 00 00 C0 00 00 99 00 00 11 07 16 39 01
    21 |.....12      MC-1   | 00 00 11 01 01 31 32 20 20 20 20 20 20 4D 43 2D 31 20 20 20
    41 |        |             20 20 20 20 20 20 20 20
2017-11-07 16:39:01.085 [6] INFO - Acquirer child-1 received message: M:800,0:[3,7,11,24,41,42],3:990000,7:1107163901,11:11,24:101,41:12,42:MC-1
2017-11-07 16:39:01.085 [4] INFO - Acquirer child-1 message to send: M:810,0:[3,7,11,24,39,41,42],3:990000,7:1107163901,11:11,24:101,39:00,41:12,42:MC-1
2017-11-07 16:39:01.085 [4] DEBUG - Acquirer child-1 raw data to send (50 bytes): 
     1 |.0.." ...À........9.| 00 30 08 10 22 20 01 00 02 C0 00 00 99 00 00 11 07 16 39 01
    21 |.....0012      MC-1 | 00 00 11 01 01 30 30 31 32 20 20 20 20 20 20 4D 43 2D 31 20
    41 |          |           20 20 20 20 20 20 20 20 20 20
2017-11-07 16:39:03.101 [6] DEBUG - Frame delimiter of 46 byte/s fulfilled.
2017-11-07 16:39:03.101 [6] DEBUG - Decoded field     0: [3,7,11,24,41,42]
2017-11-07 16:39:03.101 [6] DEBUG - Decoded field     3: [990000]
2017-11-07 16:39:03.101 [6] DEBUG - Decoded field     7: [1107163903]
2017-11-07 16:39:03.101 [6] DEBUG - Decoded field    11: [12]
2017-11-07 16:39:03.101 [6] DEBUG - Decoded field    24: [101]
2017-11-07 16:39:03.101 [6] DEBUG - Decoded field    41: [12]
2017-11-07 16:39:03.101 [6] DEBUG - Decoded field    42: [MC-1]
2017-11-07 16:39:03.101 [6] DEBUG - Acquirer child-1 raw received data consumed in the pipeline 48 byte/s:
     1 |...." ...À........9.| 00 2E 08 00 22 20 01 00 00 C0 00 00 99 00 00 11 07 16 39 03
    21 |.....12      MC-1   | 00 00 12 01 01 31 32 20 20 20 20 20 20 4D 43 2D 31 20 20 20
    41 |        |             20 20 20 20 20 20 20 20
2017-11-07 16:39:03.101 [6] INFO - Acquirer child-1 received message: M:800,0:[3,7,11,24,41,42],3:990000,7:1107163903,11:12,24:101,41:12,42:MC-1
2017-11-07 16:39:03.101 [4] INFO - Acquirer child-1 message to send: M:810,0:[3,7,11,24,39,41,42],3:990000,7:1107163903,11:12,24:101,39:00,41:12,42:MC-1
2017-11-07 16:39:03.101 [4] DEBUG - Acquirer child-1 raw data to send (50 bytes): 
     1 |.0.." ...À........9.| 00 30 08 10 22 20 01 00 02 C0 00 00 99 00 00 11 07 16 39 03
    21 |.....0012      MC-1 | 00 00 12 01 01 30 30 31 32 20 20 20 20 20 20 4D 43 2D 31 20
    41 |          |           20 20 20 20 20 20 20 20 20 20
2017-11-07 16:39:05.102 [6] DEBUG - Frame delimiter of 46 byte/s fulfilled.
2017-11-07 16:39:05.102 [6] DEBUG - Decoded field     0: [3,7,11,24,41,42]
2017-11-07 16:39:05.105 [6] DEBUG - Decoded field     3: [990000]
2017-11-07 16:39:05.105 [6] DEBUG - Decoded field     7: [1107163905]
2017-11-07 16:39:05.109 [6] DEBUG - Decoded field    11: [13]
2017-11-07 16:39:05.109 [6] DEBUG - Decoded field    24: [101]
2017-11-07 16:39:05.109 [6] DEBUG - Decoded field    41: [12]
2017-11-07 16:39:05.109 [6] DEBUG - Decoded field    42: [MC-1]
2017-11-07 16:39:05.109 [6] DEBUG - Acquirer child-1 raw received data consumed in the pipeline 48 byte/s:
     1 |...." ...À........9.| 00 2E 08 00 22 20 01 00 00 C0 00 00 99 00 00 11 07 16 39 05
    21 |.....12      MC-1   | 00 00 13 01 01 31 32 20 20 20 20 20 20 4D 43 2D 31 20 20 20
    41 |        |             20 20 20 20 20 20 20 20
2017-11-07 16:39:05.109 [6] INFO - Acquirer child-1 received message: M:800,0:[3,7,11,24,41,42],3:990000,7:1107163905,11:13,24:101,41:12,42:MC-1
2017-11-07 16:39:05.113 [4] INFO - Acquirer child-1 message to send: M:810,0:[3,7,11,24,39,41,42],3:990000,7:1107163905,11:13,24:101,39:00,41:12,42:MC-1
2017-11-07 16:39:05.113 [4] DEBUG - Acquirer child-1 raw data to send (50 bytes): 
     1 |.0.." ...À........9.| 00 30 08 10 22 20 01 00 02 C0 00 00 99 00 00 11 07 16 39 05
    21 |.....0012      MC-1 | 00 00 13 01 01 30 30 31 32 20 20 20 20 20 20 4D 43 2D 31 20
    41 |          |           20 20 20 20 20 20 20 20 20 20
2017-11-07 16:39:07.103 [6] DEBUG - Frame delimiter of 46 byte/s fulfilled.
2017-11-07 16:39:07.103 [6] DEBUG - Decoded field     0: [3,7,11,24,41,42]
2017-11-07 16:39:07.107 [6] DEBUG - Decoded field     3: [990000]
2017-11-07 16:39:07.107 [6] DEBUG - Decoded field     7: [1107163907]
2017-11-07 16:39:07.107 [6] DEBUG - Decoded field    11: [14]
2017-11-07 16:39:07.111 [6] DEBUG - Decoded field    24: [101]
2017-11-07 16:39:07.111 [6] DEBUG - Decoded field    41: [12]
2017-11-07 16:39:07.111 [6] DEBUG - Decoded field    42: [MC-1]
2017-11-07 16:39:07.111 [6] DEBUG - Acquirer child-1 raw received data consumed in the pipeline 48 byte/s:
     1 |...." ...À........9.| 00 2E 08 00 22 20 01 00 00 C0 00 00 99 00 00 11 07 16 39 07
    21 |.....12      MC-1   | 00 00 14 01 01 31 32 20 20 20 20 20 20 4D 43 2D 31 20 20 20
    41 |        |             20 20 20 20 20 20 20 20
2017-11-07 16:39:07.111 [6] INFO - Acquirer child-1 received message: M:800,0:[3,7,11,24,41,42],3:990000,7:1107163907,11:14,24:101,41:12,42:MC-1
2017-11-07 16:39:07.111 [4] INFO - Acquirer child-1 message to send: M:810,0:[3,7,11,24,39,41,42],3:990000,7:1107163907,11:14,24:101,39:00,41:12,42:MC-1
2017-11-07 16:39:07.115 [4] DEBUG - Acquirer child-1 raw data to send (50 bytes): 
     1 |.0.." ...À........9.| 00 30 08 10 22 20 01 00 02 C0 00 00 99 00 00 11 07 16 39 07
    21 |.....0012      MC-1 | 00 00 14 01 01 30 30 31 32 20 20 20 20 20 20 4D 43 2D 31 20
    41 |          |           20 20 20 20 20 20 20 20 20 20
2017-11-07 16:39:09.107 [6] DEBUG - Frame delimiter of 46 byte/s fulfilled.
2017-11-07 16:39:09.107 [6] DEBUG - Decoded field     0: [3,7,11,24,41,42]
2017-11-07 16:39:09.114 [6] DEBUG - Decoded field     3: [990000]
2017-11-07 16:39:09.114 [6] DEBUG - Decoded field     7: [1107163909]
2017-11-07 16:39:09.114 [6] DEBUG - Decoded field    11: [15]
2017-11-07 16:39:09.114 [6] DEBUG - Decoded field    24: [101]
2017-11-07 16:39:09.114 [6] DEBUG - Decoded field    41: [12]
2017-11-07 16:39:09.114 [6] DEBUG - Decoded field    42: [MC-1]
2017-11-07 16:39:09.118 [6] DEBUG - Acquirer child-1 raw received data consumed in the pipeline 48 byte/s:
     1 |...." ...À........9.| 00 2E 08 00 22 20 01 00 00 C0 00 00 99 00 00 11 07 16 39 09
    21 |.....12      MC-1   | 00 00 15 01 01 31 32 20 20 20 20 20 20 4D 43 2D 31 20 20 20
    41 |        |             20 20 20 20 20 20 20 20
2017-11-07 16:39:09.118 [6] INFO - Acquirer child-1 received message: M:800,0:[3,7,11,24,41,42],3:990000,7:1107163909,11:15,24:101,41:12,42:MC-1
2017-11-07 16:39:09.118 [4] INFO - Acquirer child-1 message to send: M:810,0:[3,7,11,24,39,41,42],3:990000,7:1107163909,11:15,24:101,39:00,41:12,42:MC-1
2017-11-07 16:39:09.118 [4] DEBUG - Acquirer child-1 raw data to send (50 bytes): 
     1 |.0.." ...À........9.| 00 30 08 10 22 20 01 00 02 C0 00 00 99 00 00 11 07 16 39 09
    21 |.....0012      MC-1 | 00 00 15 01 01 30 30 31 32 20 20 20 20 20 20 4D 43 2D 31 20
    41 |          |           20 20 20 20 20 20 20 20 20 20
2017-11-07 16:39:11.109 [6] DEBUG - Frame delimiter of 46 byte/s fulfilled.
2017-11-07 16:39:44.850 [6] DEBUG - Decoded field     0: [3,7,11,24,41,42]
2017-11-07 16:39:44.850 [6] DEBUG - Decoded field     3: [990000]
2017-11-07 16:39:44.850 [6] DEBUG - Decoded field     7: [1107163911]
2017-11-07 16:39:44.850 [6] DEBUG - Decoded field    11: [16]
2017-11-07 16:39:44.850 [6] DEBUG - Decoded field    24: [101]
2017-11-07 16:39:44.850 [6] DEBUG - Decoded field    41: [12]
2017-11-07 16:39:44.850 [6] DEBUG - Decoded field    42: [MC-1]
2017-11-07 16:39:44.854 [6] DEBUG - Acquirer child-1 raw received data consumed in the pipeline 48 byte/s:
     1 |...." ...À........9.| 00 2E 08 00 22 20 01 00 00 C0 00 00 99 00 00 11 07 16 39 11
    21 |.....12      MC-1   | 00 00 16 01 01 31 32 20 20 20 20 20 20 4D 43 2D 31 20 20 20
    41 |        |             20 20 20 20 20 20 20 20
2017-11-07 16:39:44.854 [6] INFO - Acquirer child-1 received message: M:800,0:[3,7,11,24,41,42],3:990000,7:1107163911,11:16,24:101,41:12,42:MC-1
2017-11-07 16:39:44.854 [4] INFO - Acquirer child-1 message to send: M:810,0:[3,7,11,24,39,41,42],3:990000,7:1107163911,11:16,24:101,39:00,41:12,42:MC-1
2017-11-07 16:39:44.854 [4] DEBUG - Acquirer child-1 raw data to send (50 bytes): 
     1 |.0.." ...À........9.| 00 30 08 10 22 20 01 00 02 C0 00 00 99 00 00 11 07 16 39 11
    21 |.....0012      MC-1 | 00 00 16 01 01 30 30 31 32 20 20 20 20 20 20 4D 43 2D 31 20
    41 |          |           20 20 20 20 20 20 20 20 20 20
2017-11-07 16:39:44.858 [3] DEBUG - Frame delimiter of 46 byte/s fulfilled.
2017-11-07 16:39:44.858 [3] DEBUG - Decoded field     0: [3,7,11,24,41,42]
2017-11-07 16:39:44.858 [3] DEBUG - Decoded field     3: [990000]
2017-11-07 16:39:44.858 [3] DEBUG - Decoded field     7: [1107163913]
2017-11-07 16:39:44.858 [3] DEBUG - Decoded field    11: [17]
2017-11-07 16:39:44.862 [3] DEBUG - Decoded field    24: [101]
2017-11-07 16:39:44.866 [3] DEBUG - Decoded field    41: [12]
2017-11-07 16:39:44.866 [3] DEBUG - Decoded field    42: [MC-1]
2017-11-07 16:39:44.866 [3] DEBUG - Acquirer child-1 raw received data consumed in the pipeline 48 byte/s:
     1 |...." ...À........9.| 00 2E 08 00 22 20 01 00 00 C0 00 00 99 00 00 11 07 16 39 13
    21 |.....12      MC-1   | 00 00 17 01 01 31 32 20 20 20 20 20 20 4D 43 2D 31 20 20 20
    41 |        |             20 20 20 20 20 20 20 20
2017-11-07 16:39:44.870 [3] INFO - Acquirer child-1 received message: M:800,0:[3,7,11,24,41,42],3:990000,7:1107163913,11:17,24:101,41:12,42:MC-1
2017-11-07 16:39:44.870 [3] DEBUG - Frame delimiter of 46 byte/s fulfilled.
2017-11-07 16:39:44.870 [3] DEBUG - Decoded field     0: [3,7,11,24,41,42]
2017-11-07 16:39:44.870 [3] DEBUG - Decoded field     3: [990000]
2017-11-07 16:39:44.870 [3] DEBUG - Decoded field     7: [1107163915]
2017-11-07 16:39:44.870 [3] DEBUG - Decoded field    11: [18]
2017-11-07 16:39:44.870 [3] DEBUG - Decoded field    24: [101]
2017-11-07 16:39:44.870 [3] DEBUG - Decoded field    41: [12]
2017-11-07 16:39:44.874 [3] DEBUG - Decoded field    42: [MC-1]
2017-11-07 16:39:44.874 [3] DEBUG - Acquirer child-1 raw received data consumed in the pipeline 48 byte/s:
     1 |...." ...À........9.| 00 2E 08 00 22 20 01 00 00 C0 00 00 99 00 00 11 07 16 39 15
    21 |.....12      MC-1   | 00 00 18 01 01 31 32 20 20 20 20 20 20 4D 43 2D 31 20 20 20
    41 |        |             20 20 20 20 20 20 20 20
2017-11-07 16:39:44.874 [3] INFO - Acquirer child-1 received message: M:800,0:[3,7,11,24,41,42],3:990000,7:1107163915,11:18,24:101,41:12,42:MC-1
2017-11-07 16:39:44.874 [3] DEBUG - Frame delimiter of 46 byte/s fulfilled.
2017-11-07 16:39:44.874 [3] DEBUG - Decoded field     0: [3,7,11,24,41,42]
2017-11-07 16:39:44.874 [3] DEBUG - Decoded field     3: [990000]
2017-11-07 16:39:44.874 [3] DEBUG - Decoded field     7: [1107163917]
2017-11-07 16:39:44.878 [3] DEBUG - Decoded field    11: [19]
2017-11-07 16:39:44.883 [3] DEBUG - Decoded field    24: [101]
2017-11-07 16:39:44.884 [3] DEBUG - Decoded field    41: [12]
2017-11-07 16:39:44.884 [3] DEBUG - Decoded field    42: [MC-1]
2017-11-07 16:39:44.885 [3] DEBUG - Acquirer child-1 raw received data consumed in the pipeline 48 byte/s:
     1 |...." ...À........9.| 00 2E 08 00 22 20 01 00 00 C0 00 00 99 00 00 11 07 16 39 17
    21 |.....12      MC-1   | 00 00 19 01 01 31 32 20 20 20 20 20 20 4D 43 2D 31 20 20 20
    41 |        |             20 20 20 20 20 20 20 20
2017-11-07 16:39:44.886 [3] INFO - Acquirer child-1 received message: M:800,0:[3,7,11,24,41,42],3:990000,7:1107163917,11:19,24:101,41:12,42:MC-1
2017-11-07 16:39:44.887 [3] DEBUG - Frame delimiter of 46 byte/s fulfilled.
2017-11-07 16:39:44.887 [3] DEBUG - Decoded field     0: [3,7,11,24,41,42]
2017-11-07 16:39:44.888 [3] DEBUG - Decoded field     3: [990000]
2017-11-07 16:39:44.888 [3] DEBUG - Decoded field     7: [1107163919]
2017-11-07 16:39:44.892 [3] DEBUG - Decoded field    11: [20]
2017-11-07 16:39:44.892 [3] DEBUG - Decoded field    24: [101]
2017-11-07 16:39:44.892 [3] DEBUG - Decoded field    41: [12]
2017-11-07 16:39:44.892 [3] DEBUG - Decoded field    42: [MC-1]
2017-11-07 16:39:44.892 [3] DEBUG - Acquirer child-1 raw received data consumed in the pipeline 48 byte/s:
     1 |...." ...À........9.| 00 2E 08 00 22 20 01 00 00 C0 00 00 99 00 00 11 07 16 39 19
    21 |.. ..12      MC-1   | 00 00 20 01 01 31 32 20 20 20 20 20 20 4D 43 2D 31 20 20 20
    41 |        |             20 20 20 20 20 20 20 20
2017-11-07 16:39:44.892 [3] INFO - Acquirer child-1 received message: M:800,0:[3,7,11,24,41,42],3:990000,7:1107163919,11:20,24:101,41:12,42:MC-1
2017-11-07 16:39:44.892 [3] DEBUG - Frame delimiter of 46 byte/s fulfilled.
2017-11-07 16:39:44.892 [3] DEBUG - Decoded field     0: [3,7,11,24,41,42]
2017-11-07 16:39:44.896 [3] DEBUG - Decoded field     3: [990000]
2017-11-07 16:39:44.896 [3] DEBUG - Decoded field     7: [1107163921]
2017-11-07 16:39:44.900 [3] DEBUG - Decoded field    11: [21]
2017-11-07 16:39:44.900 [3] DEBUG - Decoded field    24: [101]
2017-11-07 16:39:44.904 [3] DEBUG - Decoded field    41: [12]
2017-11-07 16:39:44.904 [3] DEBUG - Decoded field    42: [MC-1]
2017-11-07 16:39:44.904 [3] DEBUG - Acquirer child-1 raw received data consumed in the pipeline 48 byte/s:
     1 |...." ...À........9!| 00 2E 08 00 22 20 01 00 00 C0 00 00 99 00 00 11 07 16 39 21
    21 |..!..12      MC-1   | 00 00 21 01 01 31 32 20 20 20 20 20 20 4D 43 2D 31 20 20 20
    41 |        |             20 20 20 20 20 20 20 20
2017-11-07 16:39:44.904 [3] INFO - Acquirer child-1 received message: M:800,0:[3,7,11,24,41,42],3:990000,7:1107163921,11:21,24:101,41:12,42:MC-1
2017-11-07 16:39:44.904 [3] DEBUG - Frame delimiter of 46 byte/s fulfilled.
2017-11-07 16:39:44.908 [3] DEBUG - Decoded field     0: [3,7,11,24,41,42]
2017-11-07 16:39:44.908 [3] DEBUG - Decoded field     3: [990000]
2017-11-07 16:39:44.908 [3] DEBUG - Decoded field     7: [1107163923]
2017-11-07 16:39:44.908 [3] DEBUG - Decoded field    11: [22]
2017-11-07 16:39:44.908 [3] DEBUG - Decoded field    24: [101]
2017-11-07 16:39:44.908 [3] DEBUG - Decoded field    41: [12]
2017-11-07 16:39:44.908 [3] DEBUG - Decoded field    42: [MC-1]
2017-11-07 16:39:44.912 [3] DEBUG - Acquirer child-1 raw received data consumed in the pipeline 48 byte/s:
     1 |...." ...À........9#| 00 2E 08 00 22 20 01 00 00 C0 00 00 99 00 00 11 07 16 39 23
    21 |.."..12      MC-1   | 00 00 22 01 01 31 32 20 20 20 20 20 20 4D 43 2D 31 20 20 20
    41 |        |             20 20 20 20 20 20 20 20
2017-11-07 16:39:44.916 [3] INFO - Acquirer child-1 received message: M:800,0:[3,7,11,24,41,42],3:990000,7:1107163923,11:22,24:101,41:12,42:MC-1
2017-11-07 16:39:44.916 [3] DEBUG - Frame delimiter of 46 byte/s fulfilled.
2017-11-07 16:39:44.916 [3] DEBUG - Decoded field     0: [3,7,11,24,41,42]
2017-11-07 16:39:44.916 [3] DEBUG - Decoded field     3: [990000]
2017-11-07 16:39:44.916 [3] DEBUG - Decoded field     7: [1107163925]
2017-11-07 16:39:44.919 [3] DEBUG - Decoded field    11: [23]
2017-11-07 16:39:44.919 [3] DEBUG - Decoded field    24: [101]
2017-11-07 16:39:44.919 [3] DEBUG - Decoded field    41: [12]
2017-11-07 16:39:44.919 [3] DEBUG - Decoded field    42: [MC-1]
2017-11-07 16:39:44.919 [3] DEBUG - Acquirer child-1 raw received data consumed in the pipeline 48 byte/s:
     1 |...." ...À........9%| 00 2E 08 00 22 20 01 00 00 C0 00 00 99 00 00 11 07 16 39 25
    21 |..#..12      MC-1   | 00 00 23 01 01 31 32 20 20 20 20 20 20 4D 43 2D 31 20 20 20
    41 |        |             20 20 20 20 20 20 20 20
2017-11-07 16:39:44.919 [3] INFO - Acquirer child-1 received message: M:800,0:[3,7,11,24,41,42],3:990000,7:1107163925,11:23,24:101,41:12,42:MC-1
2017-11-07 16:39:44.923 [3] DEBUG - Frame delimiter of 46 byte/s fulfilled.
2017-11-07 16:39:44.927 [3] DEBUG - Decoded field     0: [3,7,11,24,41,42]
2017-11-07 16:39:44.927 [3] DEBUG - Decoded field     3: [990000]
2017-11-07 16:39:44.927 [3] DEBUG - Decoded field     7: [1107163927]
2017-11-07 16:39:44.927 [3] DEBUG - Decoded field    11: [24]
2017-11-07 16:39:44.927 [3] DEBUG - Decoded field    24: [101]
2017-11-07 16:39:44.927 [3] DEBUG - Decoded field    41: [12]
2017-11-07 16:39:44.927 [3] DEBUG - Decoded field    42: [MC-1]
2017-11-07 16:39:44.927 [3] DEBUG - Acquirer child-1 raw received data consumed in the pipeline 48 byte/s:
     1 |...." ...À........9'| 00 2E 08 00 22 20 01 00 00 C0 00 00 99 00 00 11 07 16 39 27
    21 |..$..12      MC-1   | 00 00 24 01 01 31 32 20 20 20 20 20 20 4D 43 2D 31 20 20 20
    41 |        |             20 20 20 20 20 20 20 20
2017-11-07 16:39:44.931 [3] INFO - Acquirer child-1 received message: M:800,0:[3,7,11,24,41,42],3:990000,7:1107163927,11:24,24:101,41:12,42:MC-1
2017-11-07 16:39:44.931 [3] DEBUG - Frame delimiter of 46 byte/s fulfilled.
2017-11-07 16:39:44.931 [3] DEBUG - Decoded field     0: [3,7,11,24,41,42]
2017-11-07 16:39:44.931 [3] DEBUG - Decoded field     3: [990000]
2017-11-07 16:39:44.931 [3] DEBUG - Decoded field     7: [1107163929]
2017-11-07 16:39:44.935 [3] DEBUG - Decoded field    11: [25]
2017-11-07 16:39:44.935 [3] DEBUG - Decoded field    24: [101]
2017-11-07 16:39:44.939 [3] DEBUG - Decoded field    41: [12]
2017-11-07 16:39:44.939 [3] DEBUG - Decoded field    42: [MC-1]
2017-11-07 16:39:44.939 [3] DEBUG - Acquirer child-1 raw received data consumed in the pipeline 48 byte/s:
     1 |...." ...À........9)| 00 2E 08 00 22 20 01 00 00 C0 00 00 99 00 00 11 07 16 39 29
    21 |..%..12      MC-1   | 00 00 25 01 01 31 32 20 20 20 20 20 20 4D 43 2D 31 20 20 20
    41 |        |             20 20 20 20 20 20 20 20
2017-11-07 16:39:44.939 [3] INFO - Acquirer child-1 received message: M:800,0:[3,7,11,24,41,42],3:990000,7:1107163929,11:25,24:101,41:12,42:MC-1
2017-11-07 16:39:44.939 [3] DEBUG - Frame delimiter of 46 byte/s fulfilled.
2017-11-07 16:39:44.939 [3] DEBUG - Decoded field     0: [3,7,11,24,41,42]
2017-11-07 16:39:44.939 [3] DEBUG - Decoded field     3: [990000]
2017-11-07 16:39:44.943 [3] DEBUG - Decoded field     7: [1107163931]
2017-11-07 16:39:44.943 [3] DEBUG - Decoded field    11: [26]
2017-11-07 16:39:44.943 [3] DEBUG - Decoded field    24: [101]
2017-11-07 16:39:44.943 [3] DEBUG - Decoded field    41: [12]
2017-11-07 16:39:44.943 [3] DEBUG - Decoded field    42: [MC-1]
2017-11-07 16:39:44.943 [3] DEBUG - Acquirer child-1 raw received data consumed in the pipeline 48 byte/s:
     1 |...." ...À........91| 00 2E 08 00 22 20 01 00 00 C0 00 00 99 00 00 11 07 16 39 31
    21 |..&..12      MC-1   | 00 00 26 01 01 31 32 20 20 20 20 20 20 4D 43 2D 31 20 20 20
    41 |        |             20 20 20 20 20 20 20 20
2017-11-07 16:39:44.943 [3] INFO - Acquirer child-1 received message: M:800,0:[3,7,11,24,41,42],3:990000,7:1107163931,11:26,24:101,41:12,42:MC-1
2017-11-07 16:39:44.951 [3] DEBUG - Frame delimiter of 46 byte/s fulfilled.
2017-11-07 16:39:44.955 [3] DEBUG - Decoded field     0: [3,7,11,24,41,42]
2017-11-07 16:39:44.955 [3] DEBUG - Decoded field     3: [990000]
2017-11-07 16:39:44.955 [3] DEBUG - Decoded field     7: [1107163933]
2017-11-07 16:39:44.955 [3] DEBUG - Decoded field    11: [27]
2017-11-07 16:39:44.955 [3] DEBUG - Decoded field    24: [101]
2017-11-07 16:39:44.959 [3] DEBUG - Decoded field    41: [12]
2017-11-07 16:39:44.959 [3] DEBUG - Decoded field    42: [MC-1]
2017-11-07 16:39:44.959 [3] DEBUG - Acquirer child-1 raw received data consumed in the pipeline 48 byte/s:
     1 |...." ...À........93| 00 2E 08 00 22 20 01 00 00 C0 00 00 99 00 00 11 07 16 39 33
    21 |..'..12      MC-1   | 00 00 27 01 01 31 32 20 20 20 20 20 20 4D 43 2D 31 20 20 20
    41 |        |             20 20 20 20 20 20 20 20
2017-11-07 16:39:44.959 [3] INFO - Acquirer child-1 received message: M:800,0:[3,7,11,24,41,42],3:990000,7:1107163933,11:27,24:101,41:12,42:MC-1
2017-11-07 16:39:44.959 [3] DEBUG - Frame delimiter of 46 byte/s fulfilled.
2017-11-07 16:39:44.959 [3] DEBUG - Decoded field     0: [3,7,11,24,41,42]
2017-11-07 16:39:44.962 [3] DEBUG - Decoded field     3: [990000]
2017-11-07 16:39:44.966 [3] DEBUG - Decoded field     7: [1107163935]
2017-11-07 16:39:44.966 [3] DEBUG - Decoded field    11: [28]
2017-11-07 16:39:44.966 [3] DEBUG - Decoded field    24: [101]
2017-11-07 16:39:44.966 [3] DEBUG - Decoded field    41: [12]
2017-11-07 16:39:44.966 [3] DEBUG - Decoded field    42: [MC-1]
2017-11-07 16:39:44.966 [3] DEBUG - Acquirer child-1 raw received data consumed in the pipeline 48 byte/s:
     1 |...." ...À........95| 00 2E 08 00 22 20 01 00 00 C0 00 00 99 00 00 11 07 16 39 35
    21 |..(..12      MC-1   | 00 00 28 01 01 31 32 20 20 20 20 20 20 4D 43 2D 31 20 20 20
    41 |        |             20 20 20 20 20 20 20 20
2017-11-07 16:39:44.966 [3] INFO - Acquirer child-1 received message: M:800,0:[3,7,11,24,41,42],3:990000,7:1107163935,11:28,24:101,41:12,42:MC-1
2017-11-07 16:39:44.966 [3] DEBUG - Frame delimiter of 46 byte/s fulfilled.
2017-11-07 16:39:44.970 [3] DEBUG - Decoded field     0: [3,7,11,24,41,42]
2017-11-07 16:39:44.970 [3] DEBUG - Decoded field     3: [990000]
2017-11-07 16:39:44.970 [3] DEBUG - Decoded field     7: [1107163937]
2017-11-07 16:39:44.970 [3] DEBUG - Decoded field    11: [29]
2017-11-07 16:39:44.970 [3] DEBUG - Decoded field    24: [101]
2017-11-07 16:39:44.970 [3] DEBUG - Decoded field    41: [12]
2017-11-07 16:39:44.970 [3] DEBUG - Decoded field    42: [MC-1]
2017-11-07 16:39:44.970 [3] DEBUG - Acquirer child-1 raw received data consumed in the pipeline 48 byte/s:
     1 |...." ...À........97| 00 2E 08 00 22 20 01 00 00 C0 00 00 99 00 00 11 07 16 39 37
    21 |..)..12      MC-1   | 00 00 29 01 01 31 32 20 20 20 20 20 20 4D 43 2D 31 20 20 20
    41 |        |             20 20 20 20 20 20 20 20
2017-11-07 16:39:44.979 [3] INFO - Acquirer child-1 received message: M:800,0:[3,7,11,24,41,42],3:990000,7:1107163937,11:29,24:101,41:12,42:MC-1
2017-11-07 16:39:44.979 [3] DEBUG - Frame delimiter of 46 byte/s fulfilled.
2017-11-07 16:39:44.980 [3] DEBUG - Decoded field     0: [3,7,11,24,41,42]
2017-11-07 16:39:44.980 [3] DEBUG - Decoded field     3: [990000]
2017-11-07 16:39:44.982 [3] DEBUG - Decoded field     7: [1107163939]
2017-11-07 16:39:44.982 [3] DEBUG - Decoded field    11: [30]
2017-11-07 16:39:44.983 [3] DEBUG - Decoded field    24: [101]
2017-11-07 16:39:44.983 [3] DEBUG - Decoded field    41: [12]
2017-11-07 16:39:44.984 [3] DEBUG - Decoded field    42: [MC-1]
2017-11-07 16:39:44.984 [3] DEBUG - Acquirer child-1 raw received data consumed in the pipeline 48 byte/s:
     1 |...." ...À........99| 00 2E 08 00 22 20 01 00 00 C0 00 00 99 00 00 11 07 16 39 39
    21 |..0..12      MC-1   | 00 00 30 01 01 31 32 20 20 20 20 20 20 4D 43 2D 31 20 20 20
    41 |        |             20 20 20 20 20 20 20 20
2017-11-07 16:39:44.988 [3] INFO - Acquirer child-1 received message: M:800,0:[3,7,11,24,41,42],3:990000,7:1107163939,11:30,24:101,41:12,42:MC-1
2017-11-07 16:39:44.989 [3] DEBUG - Frame delimiter of 46 byte/s fulfilled.
2017-11-07 16:39:44.991 [3] DEBUG - Decoded field     0: [3,7,11,24,41,42]
2017-11-07 16:39:44.991 [3] DEBUG - Decoded field     3: [990000]
2017-11-07 16:39:44.992 [3] DEBUG - Decoded field     7: [1107163941]
2017-11-07 16:39:44.992 [3] DEBUG - Decoded field    11: [31]
2017-11-07 16:39:44.992 [3] DEBUG - Decoded field    24: [101]
2017-11-07 16:39:44.992 [3] DEBUG - Decoded field    41: [12]
2017-11-07 16:39:44.992 [3] DEBUG - Decoded field    42: [MC-1]
2017-11-07 16:39:44.992 [3] DEBUG - Acquirer child-1 raw received data consumed in the pipeline 48 byte/s:
     1 |...." ...À........9A| 00 2E 08 00 22 20 01 00 00 C0 00 00 99 00 00 11 07 16 39 41
    21 |..1..12      MC-1   | 00 00 31 01 01 31 32 20 20 20 20 20 20 4D 43 2D 31 20 20 20
    41 |        |             20 20 20 20 20 20 20 20
2017-11-07 16:39:44.996 [3] INFO - Acquirer child-1 received message: M:800,0:[3,7,11,24,41,42],3:990000,7:1107163941,11:31,24:101,41:12,42:MC-1
2017-11-07 16:39:44.996 [3] DEBUG - Frame delimiter of 46 byte/s fulfilled.
2017-11-07 16:39:45.000 [3] DEBUG - Decoded field     0: [3,7,11,24,41,42]
2017-11-07 16:39:45.000 [3] DEBUG - Decoded field     3: [990000]
2017-11-07 16:39:45.000 [3] DEBUG - Decoded field     7: [1107163943]
2017-11-07 16:39:45.000 [3] DEBUG - Decoded field    11: [32]
2017-11-07 16:39:45.000 [3] DEBUG - Decoded field    24: [101]
2017-11-07 16:39:45.000 [3] DEBUG - Decoded field    41: [12]
2017-11-07 16:39:45.000 [3] DEBUG - Decoded field    42: [MC-1]
2017-11-07 16:39:45.000 [3] DEBUG - Acquirer child-1 raw received data consumed in the pipeline 48 byte/s:
     1 |...." ...À........9C| 00 2E 08 00 22 20 01 00 00 C0 00 00 99 00 00 11 07 16 39 43
    21 |..2..12      MC-1   | 00 00 32 01 01 31 32 20 20 20 20 20 20 4D 43 2D 31 20 20 20
    41 |        |             20 20 20 20 20 20 20 20
2017-11-07 16:39:45.003 [3] INFO - Acquirer child-1 received message: M:800,0:[3,7,11,24,41,42],3:990000,7:1107163943,11:32,24:101,41:12,42:MC-1
2017-11-07 16:39:45.003 [4] INFO - Acquirer child-1 message to send: M:810,0:[3,7,11,24,39,41,42],3:990000,7:1107163913,11:17,24:101,39:00,41:12,42:MC-1
2017-11-07 16:39:45.003 [4] DEBUG - Acquirer child-1 raw data to send (50 bytes): 
     1 |.0.." ...À........9.| 00 30 08 10 22 20 01 00 02 C0 00 00 99 00 00 11 07 16 39 13
    21 |.....0012      MC-1 | 00 00 17 01 01 30 30 31 32 20 20 20 20 20 20 4D 43 2D 31 20
    41 |          |           20 20 20 20 20 20 20 20 20 20
2017-11-07 16:39:45.003 [4] INFO - Acquirer child-1 message to send: M:810,0:[3,7,11,24,39,41,42],3:990000,7:1107163915,11:18,24:101,39:00,41:12,42:MC-1
2017-11-07 16:39:45.003 [4] DEBUG - Acquirer child-1 raw data to send (50 bytes): 
     1 |.0.." ...À........9.| 00 30 08 10 22 20 01 00 02 C0 00 00 99 00 00 11 07 16 39 15
    21 |.....0012      MC-1 | 00 00 18 01 01 30 30 31 32 20 20 20 20 20 20 4D 43 2D 31 20
    41 |          |           20 20 20 20 20 20 20 20 20 20
2017-11-07 16:39:45.011 [4] INFO - Acquirer child-1 message to send: M:810,0:[3,7,11,24,39,41,42],3:990000,7:1107163917,11:19,24:101,39:00,41:12,42:MC-1
2017-11-07 16:39:45.011 [4] DEBUG - Acquirer child-1 raw data to send (50 bytes): 
     1 |.0.." ...À........9.| 00 30 08 10 22 20 01 00 02 C0 00 00 99 00 00 11 07 16 39 17
    21 |.....0012      MC-1 | 00 00 19 01 01 30 30 31 32 20 20 20 20 20 20 4D 43 2D 31 20
    41 |          |           20 20 20 20 20 20 20 20 20 20
2017-11-07 16:39:45.011 [4] INFO - Acquirer child-1 message to send: M:810,0:[3,7,11,24,39,41,42],3:990000,7:1107163919,11:20,24:101,39:00,41:12,42:MC-1
2017-11-07 16:39:45.011 [4] DEBUG - Acquirer child-1 raw data to send (50 bytes): 
     1 |.0.." ...À........9.| 00 30 08 10 22 20 01 00 02 C0 00 00 99 00 00 11 07 16 39 19
    21 |.. ..0012      MC-1 | 00 00 20 01 01 30 30 31 32 20 20 20 20 20 20 4D 43 2D 31 20
    41 |          |           20 20 20 20 20 20 20 20 20 20
2017-11-07 16:39:45.015 [4] INFO - Acquirer child-1 message to send: M:810,0:[3,7,11,24,39,41,42],3:990000,7:1107163921,11:21,24:101,39:00,41:12,42:MC-1
2017-11-07 16:39:45.015 [4] DEBUG - Acquirer child-1 raw data to send (50 bytes): 
     1 |.0.." ...À........9!| 00 30 08 10 22 20 01 00 02 C0 00 00 99 00 00 11 07 16 39 21
    21 |..!..0012      MC-1 | 00 00 21 01 01 30 30 31 32 20 20 20 20 20 20 4D 43 2D 31 20
    41 |          |           20 20 20 20 20 20 20 20 20 20
2017-11-07 16:39:45.015 [4] INFO - Acquirer child-1 message to send: M:810,0:[3,7,11,24,39,41,42],3:990000,7:1107163923,11:22,24:101,39:00,41:12,42:MC-1
2017-11-07 16:39:45.015 [4] DEBUG - Acquirer child-1 raw data to send (50 bytes): 
     1 |.0.." ...À........9#| 00 30 08 10 22 20 01 00 02 C0 00 00 99 00 00 11 07 16 39 23
    21 |.."..0012      MC-1 | 00 00 22 01 01 30 30 31 32 20 20 20 20 20 20 4D 43 2D 31 20
    41 |          |           20 20 20 20 20 20 20 20 20 20
2017-11-07 16:39:45.019 [4] INFO - Acquirer child-1 message to send: M:810,0:[3,7,11,24,39,41,42],3:990000,7:1107163925,11:23,24:101,39:00,41:12,42:MC-1
2017-11-07 16:39:45.019 [4] DEBUG - Acquirer child-1 raw data to send (50 bytes): 
     1 |.0.." ...À........9%| 00 30 08 10 22 20 01 00 02 C0 00 00 99 00 00 11 07 16 39 25
    21 |..#..0012      MC-1 | 00 00 23 01 01 30 30 31 32 20 20 20 20 20 20 4D 43 2D 31 20
    41 |          |           20 20 20 20 20 20 20 20 20 20
2017-11-07 16:39:45.019 [4] INFO - Acquirer child-1 message to send: M:810,0:[3,7,11,24,39,41,42],3:990000,7:1107163927,11:24,24:101,39:00,41:12,42:MC-1
2017-11-07 16:39:45.019 [4] DEBUG - Acquirer child-1 raw data to send (50 bytes): 
     1 |.0.." ...À........9'| 00 30 08 10 22 20 01 00 02 C0 00 00 99 00 00 11 07 16 39 27
    21 |..$..0012      MC-1 | 00 00 24 01 01 30 30 31 32 20 20 20 20 20 20 4D 43 2D 31 20
    41 |          |           20 20 20 20 20 20 20 20 20 20
2017-11-07 16:39:45.023 [4] INFO - Acquirer child-1 message to send: M:810,0:[3,7,11,24,39,41,42],3:990000,7:1107163929,11:25,24:101,39:00,41:12,42:MC-1
2017-11-07 16:39:45.023 [4] DEBUG - Acquirer child-1 raw data to send (50 bytes): 
     1 |.0.." ...À........9)| 00 30 08 10 22 20 01 00 02 C0 00 00 99 00 00 11 07 16 39 29
    21 |..%..0012      MC-1 | 00 00 25 01 01 30 30 31 32 20 20 20 20 20 20 4D 43 2D 31 20
    41 |          |           20 20 20 20 20 20 20 20 20 20
2017-11-07 16:39:45.027 [4] INFO - Acquirer child-1 message to send: M:810,0:[3,7,11,24,39,41,42],3:990000,7:1107163931,11:26,24:101,39:00,41:12,42:MC-1
2017-11-07 16:39:45.027 [4] DEBUG - Acquirer child-1 raw data to send (50 bytes): 
     1 |.0.." ...À........91| 00 30 08 10 22 20 01 00 02 C0 00 00 99 00 00 11 07 16 39 31
    21 |..&..0012      MC-1 | 00 00 26 01 01 30 30 31 32 20 20 20 20 20 20 4D 43 2D 31 20
    41 |          |           20 20 20 20 20 20 20 20 20 20
2017-11-07 16:39:45.027 [4] INFO - Acquirer child-1 message to send: M:810,0:[3,7,11,24,39,41,42],3:990000,7:1107163933,11:27,24:101,39:00,41:12,42:MC-1
2017-11-07 16:39:45.027 [4] DEBUG - Acquirer child-1 raw data to send (50 bytes): 
     1 |.0.." ...À........93| 00 30 08 10 22 20 01 00 02 C0 00 00 99 00 00 11 07 16 39 33
    21 |..'..0012      MC-1 | 00 00 27 01 01 30 30 31 32 20 20 20 20 20 20 4D 43 2D 31 20
    41 |          |           20 20 20 20 20 20 20 20 20 20
2017-11-07 16:39:45.027 [4] INFO - Acquirer child-1 message to send: M:810,0:[3,7,11,24,39,41,42],3:990000,7:1107163935,11:28,24:101,39:00,41:12,42:MC-1
2017-11-07 16:39:45.027 [4] DEBUG - Acquirer child-1 raw data to send (50 bytes): 
     1 |.0.." ...À........95| 00 30 08 10 22 20 01 00 02 C0 00 00 99 00 00 11 07 16 39 35
    21 |..(..0012      MC-1 | 00 00 28 01 01 30 30 31 32 20 20 20 20 20 20 4D 43 2D 31 20
    41 |          |           20 20 20 20 20 20 20 20 20 20
2017-11-07 16:39:45.031 [4] INFO - Acquirer child-1 message to send: M:810,0:[3,7,11,24,39,41,42],3:990000,7:1107163937,11:29,24:101,39:00,41:12,42:MC-1
2017-11-07 16:39:45.031 [4] DEBUG - Acquirer child-1 raw data to send (50 bytes): 
     1 |.0.." ...À........97| 00 30 08 10 22 20 01 00 02 C0 00 00 99 00 00 11 07 16 39 37
    21 |..)..0012      MC-1 | 00 00 29 01 01 30 30 31 32 20 20 20 20 20 20 4D 43 2D 31 20
    41 |          |           20 20 20 20 20 20 20 20 20 20
2017-11-07 16:39:45.031 [4] INFO - Acquirer child-1 message to send: M:810,0:[3,7,11,24,39,41,42],3:990000,7:1107163939,11:30,24:101,39:00,41:12,42:MC-1
2017-11-07 16:39:45.031 [4] DEBUG - Acquirer child-1 raw data to send (50 bytes): 
     1 |.0.." ...À........99| 00 30 08 10 22 20 01 00 02 C0 00 00 99 00 00 11 07 16 39 39
    21 |..0..0012      MC-1 | 00 00 30 01 01 30 30 31 32 20 20 20 20 20 20 4D 43 2D 31 20
    41 |          |           20 20 20 20 20 20 20 20 20 20
2017-11-07 16:39:45.035 [4] INFO - Acquirer child-1 message to send: M:810,0:[3,7,11,24,39,41,42],3:990000,7:1107163941,11:31,24:101,39:00,41:12,42:MC-1
2017-11-07 16:39:45.039 [4] DEBUG - Acquirer child-1 raw data to send (50 bytes): 
     1 |.0.." ...À........9A| 00 30 08 10 22 20 01 00 02 C0 00 00 99 00 00 11 07 16 39 41
    21 |..1..0012      MC-1 | 00 00 31 01 01 30 30 31 32 20 20 20 20 20 20 4D 43 2D 31 20
    41 |          |           20 20 20 20 20 20 20 20 20 20
2017-11-07 16:39:45.039 [3] DEBUG - Acquirer child-1 raw data to send (50 bytes): 
     1 |.0.." ...À........9.| 00 30 08 10 22 20 01 00 02 C0 00 00 99 00 00 11 07 16 39 15
    21 |.....0012      MC-1 | 00 00 18 01 01 30 30 31 32 20 20 20 20 20 20 4D 43 2D 31 20
    41 |          |           20 20 20 20 20 20 20 20 20 20
2017-11-07 16:39:45.062 [4] INFO - Acquirer child-1 message to send: M:810,0:[3,7,11,24,39,41,42],3:990000,7:1107163943,11:32,24:101,39:00,41:12,42:MC-1
2017-11-07 16:39:45.062 [4] DEBUG - Acquirer child-1 raw data to send (50 bytes): 
     1 |.0.." ...À........9C| 00 30 08 10 22 20 01 00 02 C0 00 00 99 00 00 11 07 16 39 43
    21 |..2..0012      MC-1 | 00 00 32 01 01 30 30 31 32 20 20 20 20 20 20 4D 43 2D 31 20
    41 |          |           20 20 20 20 20 20 20 20 20 20
2017-11-07 16:39:45.066 [7] DEBUG - Acquirer child-1 raw data to send (50 bytes): 
     1 |.0.." ...À........9.| 00 30 08 10 22 20 01 00 02 C0 00 00 99 00 00 11 07 16 39 17
    21 |.....0012      MC-1 | 00 00 19 01 01 30 30 31 32 20 20 20 20 20 20 4D 43 2D 31 20
    41 |          |           20 20 20 20 20 20 20 20 20 20
2017-11-07 16:39:45.066 [6] DEBUG - Acquirer child-1 raw data to send (50 bytes): 
     1 |.0.." ...À........9.| 00 30 08 10 22 20 01 00 02 C0 00 00 99 00 00 11 07 16 39 19
    21 |.. ..0012      MC-1 | 00 00 20 01 01 30 30 31 32 20 20 20 20 20 20 4D 43 2D 31 20
    41 |          |           20 20 20 20 20 20 20 20 20 20
2017-11-07 16:39:45.070 [6] DEBUG - Acquirer child-1 raw data to send (50 bytes): 
     1 |.0.." ...À........9!| 00 30 08 10 22 20 01 00 02 C0 00 00 99 00 00 11 07 16 39 21
    21 |..!..0012      MC-1 | 00 00 21 01 01 30 30 31 32 20 20 20 20 20 20 4D 43 2D 31 20
    41 |          |           20 20 20 20 20 20 20 20 20 20
2017-11-07 16:39:45.074 [7] DEBUG - Acquirer child-1 raw data to send (50 bytes): 
     1 |.0.." ...À........9#| 00 30 08 10 22 20 01 00 02 C0 00 00 99 00 00 11 07 16 39 23
    21 |.."..0012      MC-1 | 00 00 22 01 01 30 30 31 32 20 20 20 20 20 20 4D 43 2D 31 20
    41 |          |           20 20 20 20 20 20 20 20 20 20
2017-11-07 16:39:45.078 [6] DEBUG - Acquirer child-1 raw data to send (50 bytes): 
     1 |.0.." ...À........9%| 00 30 08 10 22 20 01 00 02 C0 00 00 99 00 00 11 07 16 39 25
    21 |..#..0012      MC-1 | 00 00 23 01 01 30 30 31 32 20 20 20 20 20 20 4D 43 2D 31 20
    41 |          |           20 20 20 20 20 20 20 20 20 20
2017-11-07 16:39:45.079 [7] DEBUG - Acquirer child-1 raw data to send (50 bytes): 
     1 |.0.." ...À........9'| 00 30 08 10 22 20 01 00 02 C0 00 00 99 00 00 11 07 16 39 27
    21 |..$..0012      MC-1 | 00 00 24 01 01 30 30 31 32 20 20 20 20 20 20 4D 43 2D 31 20
    41 |          |           20 20 20 20 20 20 20 20 20 20
2017-11-07 16:39:45.080 [6] DEBUG - Acquirer child-1 raw data to send (50 bytes): 
     1 |.0.." ...À........9)| 00 30 08 10 22 20 01 00 02 C0 00 00 99 00 00 11 07 16 39 29
    21 |..%..0012      MC-1 | 00 00 25 01 01 30 30 31 32 20 20 20 20 20 20 4D 43 2D 31 20
    41 |          |           20 20 20 20 20 20 20 20 20 20
2017-11-07 16:39:45.086 [7] DEBUG - Acquirer child-1 raw data to send (50 bytes): 
     1 |.0.." ...À........91| 00 30 08 10 22 20 01 00 02 C0 00 00 99 00 00 11 07 16 39 31
    21 |..&..0012      MC-1 | 00 00 26 01 01 30 30 31 32 20 20 20 20 20 20 4D 43 2D 31 20
    41 |          |           20 20 20 20 20 20 20 20 20 20
2017-11-07 16:39:45.089 [6] DEBUG - Acquirer child-1 raw data to send (50 bytes): 
     1 |.0.." ...À........93| 00 30 08 10 22 20 01 00 02 C0 00 00 99 00 00 11 07 16 39 33
    21 |..'..0012      MC-1 | 00 00 27 01 01 30 30 31 32 20 20 20 20 20 20 4D 43 2D 31 20
    41 |          |           20 20 20 20 20 20 20 20 20 20
2017-11-07 16:39:45.092 [7] DEBUG - Acquirer child-1 raw data to send (50 bytes): 
     1 |.0.." ...À........95| 00 30 08 10 22 20 01 00 02 C0 00 00 99 00 00 11 07 16 39 35
    21 |..(..0012      MC-1 | 00 00 28 01 01 30 30 31 32 20 20 20 20 20 20 4D 43 2D 31 20
    41 |          |           20 20 20 20 20 20 20 20 20 20
2017-11-07 16:39:45.092 [6] DEBUG - Acquirer child-1 raw data to send (50 bytes): 
     1 |.0.." ...À........97| 00 30 08 10 22 20 01 00 02 C0 00 00 99 00 00 11 07 16 39 37
    21 |..)..0012      MC-1 | 00 00 29 01 01 30 30 31 32 20 20 20 20 20 20 4D 43 2D 31 20
    41 |          |           20 20 20 20 20 20 20 20 20 20
2017-11-07 16:39:45.092 [7] DEBUG - Acquirer child-1 raw data to send (50 bytes): 
     1 |.0.." ...À........99| 00 30 08 10 22 20 01 00 02 C0 00 00 99 00 00 11 07 16 39 39
    21 |..0..0012      MC-1 | 00 00 30 01 01 30 30 31 32 20 20 20 20 20 20 4D 43 2D 31 20
    41 |          |           20 20 20 20 20 20 20 20 20 20
2017-11-07 16:39:45.100 [6] DEBUG - Acquirer child-1 raw data to send (50 bytes): 
     1 |.0.." ...À........9A| 00 30 08 10 22 20 01 00 02 C0 00 00 99 00 00 11 07 16 39 41
    21 |..1..0012      MC-1 | 00 00 31 01 01 30 30 31 32 20 20 20 20 20 20 4D 43 2D 31 20
    41 |          |           20 20 20 20 20 20 20 20 20 20
2017-11-07 16:39:45.104 [7] DEBUG - Acquirer child-1 raw data to send (50 bytes): 
     1 |.0.." ...À........9C| 00 30 08 10 22 20 01 00 02 C0 00 00 99 00 00 11 07 16 39 43
    21 |..2..0012      MC-1 | 00 00 32 01 01 30 30 31 32 20 20 20 20 20 20 4D 43 2D 31 20
    41 |          |           20 20 20 20 20 20 20 20 20 20
2017-11-07 16:39:45.155 [6] DEBUG - Frame delimiter of 46 byte/s fulfilled.
2017-11-07 16:39:45.155 [6] DEBUG - Decoded field     0: [3,7,11,24,41,42]
2017-11-07 16:39:45.159 [6] DEBUG - Decoded field     3: [990000]
2017-11-07 16:39:45.159 [6] DEBUG - Decoded field     7: [1107163945]
2017-11-07 16:39:45.159 [6] DEBUG - Decoded field    11: [33]
2017-11-07 16:39:45.159 [6] DEBUG - Decoded field    24: [101]
2017-11-07 16:39:45.163 [6] DEBUG - Decoded field    41: [12]
2017-11-07 16:39:45.163 [6] DEBUG - Decoded field    42: [MC-1]
2017-11-07 16:39:45.163 [6] DEBUG - Acquirer child-1 raw received data consumed in the pipeline 48 byte/s:
     1 |...." ...À........9E| 00 2E 08 00 22 20 01 00 00 C0 00 00 99 00 00 11 07 16 39 45
    21 |..3..12      MC-1   | 00 00 33 01 01 31 32 20 20 20 20 20 20 4D 43 2D 31 20 20 20
    41 |        |             20 20 20 20 20 20 20 20
2017-11-07 16:39:45.167 [6] INFO - Acquirer child-1 received message: M:800,0:[3,7,11,24,41,42],3:990000,7:1107163945,11:33,24:101,41:12,42:MC-1
2017-11-07 16:39:45.167 [4] INFO - Acquirer child-1 message to send: M:810,0:[3,7,11,24,39,41,42],3:990000,7:1107163945,11:33,24:101,39:00,41:12,42:MC-1
2017-11-07 16:39:45.167 [4] DEBUG - Acquirer child-1 raw data to send (50 bytes): 
     1 |.0.." ...À........9E| 00 30 08 10 22 20 01 00 02 C0 00 00 99 00 00 11 07 16 39 45
    21 |..3..0012      MC-1 | 00 00 33 01 01 30 30 31 32 20 20 20 20 20 20 4D 43 2D 31 20
    41 |          |           20 20 20 20 20 20 20 20 20 20
2017-11-07 16:39:47.172 [3] DEBUG - Frame delimiter of 46 byte/s fulfilled.
2017-11-07 16:39:47.172 [3] DEBUG - Decoded field     0: [3,7,11,24,41,42]
2017-11-07 16:39:47.172 [3] DEBUG - Decoded field     3: [990000]
2017-11-07 16:39:47.176 [3] DEBUG - Decoded field     7: [1107163947]
2017-11-07 16:39:47.176 [3] DEBUG - Decoded field    11: [34]
2017-11-07 16:39:47.176 [3] DEBUG - Decoded field    24: [101]
2017-11-07 16:39:47.176 [3] DEBUG - Decoded field    41: [12]
2017-11-07 16:39:47.176 [3] DEBUG - Decoded field    42: [MC-1]
2017-11-07 16:39:47.176 [3] DEBUG - Acquirer child-1 raw received data consumed in the pipeline 48 byte/s:
     1 |...." ...À........9G| 00 2E 08 00 22 20 01 00 00 C0 00 00 99 00 00 11 07 16 39 47
    21 |..4..12      MC-1   | 00 00 34 01 01 31 32 20 20 20 20 20 20 4D 43 2D 31 20 20 20
    41 |        |             20 20 20 20 20 20 20 20
2017-11-07 16:39:47.180 [3] INFO - Acquirer child-1 received message: M:800,0:[3,7,11,24,41,42],3:990000,7:1107163947,11:34,24:101,41:12,42:MC-1
2017-11-07 16:39:47.180 [4] INFO - Acquirer child-1 message to send: M:810,0:[3,7,11,24,39,41,42],3:990000,7:1107163947,11:34,24:101,39:00,41:12,42:MC-1
2017-11-07 16:39:47.181 [4] DEBUG - Acquirer child-1 raw data to send (50 bytes): 
     1 |.0.." ...À........9G| 00 30 08 10 22 20 01 00 02 C0 00 00 99 00 00 11 07 16 39 47
    21 |..4..0012      MC-1 | 00 00 34 01 01 30 30 31 32 20 20 20 20 20 20 4D 43 2D 31 20
    41 |          |           20 20 20 20 20 20 20 20 20 20
2017-11-07 16:39:49.174 [3] DEBUG - Frame delimiter of 46 byte/s fulfilled.
2017-11-07 16:39:49.174 [3] DEBUG - Decoded field     0: [3,7,11,24,41,42]
2017-11-07 16:39:49.174 [3] DEBUG - Decoded field     3: [990000]
2017-11-07 16:39:49.178 [3] DEBUG - Decoded field     7: [1107163949]
2017-11-07 16:39:49.178 [3] DEBUG - Decoded field    11: [35]
2017-11-07 16:39:49.178 [3] DEBUG - Decoded field    24: [101]
2017-11-07 16:39:49.178 [3] DEBUG - Decoded field    41: [12]
2017-11-07 16:39:49.178 [3] DEBUG - Decoded field    42: [MC-1]
2017-11-07 16:39:49.178 [3] DEBUG - Acquirer child-1 raw received data consumed in the pipeline 48 byte/s:
     1 |...." ...À........9I| 00 2E 08 00 22 20 01 00 00 C0 00 00 99 00 00 11 07 16 39 49
    21 |..5..12      MC-1   | 00 00 35 01 01 31 32 20 20 20 20 20 20 4D 43 2D 31 20 20 20
    41 |        |             20 20 20 20 20 20 20 20
2017-11-07 16:39:49.181 [3] INFO - Acquirer child-1 received message: M:800,0:[3,7,11,24,41,42],3:990000,7:1107163949,11:35,24:101,41:12,42:MC-1
2017-11-07 16:39:49.182 [4] INFO - Acquirer child-1 message to send: M:810,0:[3,7,11,24,39,41,42],3:990000,7:1107163949,11:35,24:101,39:00,41:12,42:MC-1
2017-11-07 16:39:49.182 [4] DEBUG - Acquirer child-1 raw data to send (50 bytes): 
     1 |.0.." ...À........9I| 00 30 08 10 22 20 01 00 02 C0 00 00 99 00 00 11 07 16 39 49
    21 |..5..0012      MC-1 | 00 00 35 01 01 30 30 31 32 20 20 20 20 20 20 4D 43 2D 31 20
    41 |          |           20 20 20 20 20 20 20 20 20 20
2017-11-07 16:39:51.175 [3] DEBUG - Frame delimiter of 46 byte/s fulfilled.
2017-11-07 16:39:51.175 [3] DEBUG - Decoded field     0: [3,7,11,24,41,42]
2017-11-07 16:39:51.175 [3] DEBUG - Decoded field     3: [990000]
2017-11-07 16:39:51.179 [3] DEBUG - Decoded field     7: [1107163951]
2017-11-07 16:39:51.180 [3] DEBUG - Decoded field    11: [36]
2017-11-07 16:39:51.180 [3] DEBUG - Decoded field    24: [101]
2017-11-07 16:39:51.180 [3] DEBUG - Decoded field    41: [12]
2017-11-07 16:39:51.180 [3] DEBUG - Decoded field    42: [MC-1]
2017-11-07 16:39:51.180 [3] DEBUG - Acquirer child-1 raw received data consumed in the pipeline 48 byte/s:
     1 |...." ...À........9Q| 00 2E 08 00 22 20 01 00 00 C0 00 00 99 00 00 11 07 16 39 51
    21 |..6..12      MC-1   | 00 00 36 01 01 31 32 20 20 20 20 20 20 4D 43 2D 31 20 20 20
    41 |        |             20 20 20 20 20 20 20 20
2017-11-07 16:39:51.180 [3] INFO - Acquirer child-1 received message: M:800,0:[3,7,11,24,41,42],3:990000,7:1107163951,11:36,24:101,41:12,42:MC-1
2017-11-07 16:39:51.180 [4] INFO - Acquirer child-1 message to send: M:810,0:[3,7,11,24,39,41,42],3:990000,7:1107163951,11:36,24:101,39:00,41:12,42:MC-1
2017-11-07 16:39:51.184 [4] DEBUG - Acquirer child-1 raw data to send (50 bytes): 
     1 |.0.." ...À........9Q| 00 30 08 10 22 20 01 00 02 C0 00 00 99 00 00 11 07 16 39 51
    21 |..6..0012      MC-1 | 00 00 36 01 01 30 30 31 32 20 20 20 20 20 20 4D 43 2D 31 20
    41 |          |           20 20 20 20 20 20 20 20 20 20
2017-11-07 16:39:53.179 [3] DEBUG - Frame delimiter of 46 byte/s fulfilled.
2017-11-07 16:39:53.179 [3] DEBUG - Decoded field     0: [3,7,11,24,41,42]
2017-11-07 16:39:53.183 [3] DEBUG - Decoded field     3: [990000]
2017-11-07 16:39:53.183 [3] DEBUG - Decoded field     7: [1107163953]
2017-11-07 16:39:53.183 [3] DEBUG - Decoded field    11: [37]
2017-11-07 16:39:53.183 [3] DEBUG - Decoded field    24: [101]
2017-11-07 16:39:53.187 [3] DEBUG - Decoded field    41: [12]
2017-11-07 16:39:53.187 [3] DEBUG - Decoded field    42: [MC-1]
2017-11-07 16:39:53.188 [3] DEBUG - Acquirer child-1 raw received data consumed in the pipeline 48 byte/s:
     1 |...." ...À........9S| 00 2E 08 00 22 20 01 00 00 C0 00 00 99 00 00 11 07 16 39 53
    21 |..7..12      MC-1   | 00 00 37 01 01 31 32 20 20 20 20 20 20 4D 43 2D 31 20 20 20
    41 |        |             20 20 20 20 20 20 20 20
2017-11-07 16:39:53.189 [3] INFO - Acquirer child-1 received message: M:800,0:[3,7,11,24,41,42],3:990000,7:1107163953,11:37,24:101,41:12,42:MC-1
2017-11-07 16:39:53.190 [4] INFO - Acquirer child-1 message to send: M:810,0:[3,7,11,24,39,41,42],3:990000,7:1107163953,11:37,24:101,39:00,41:12,42:MC-1
2017-11-07 16:39:53.191 [4] DEBUG - Acquirer child-1 raw data to send (50 bytes): 
     1 |.0.." ...À........9S| 00 30 08 10 22 20 01 00 02 C0 00 00 99 00 00 11 07 16 39 53
    21 |..7..0012      MC-1 | 00 00 37 01 01 30 30 31 32 20 20 20 20 20 20 4D 43 2D 31 20
    41 |          |           20 20 20 20 20 20 20 20 20 20
2017-11-07 16:39:55.180 [3] DEBUG - Frame delimiter of 46 byte/s fulfilled.
2017-11-07 16:39:55.180 [3] DEBUG - Decoded field     0: [3,7,11,24,41,42]
2017-11-07 16:39:55.180 [3] DEBUG - Decoded field     3: [990000]
2017-11-07 16:39:55.184 [3] DEBUG - Decoded field     7: [1107163955]
2017-11-07 16:39:55.184 [3] DEBUG - Decoded field    11: [38]
2017-11-07 16:39:55.184 [3] DEBUG - Decoded field    24: [101]
2017-11-07 16:39:55.184 [3] DEBUG - Decoded field    41: [12]
2017-11-07 16:39:55.184 [3] DEBUG - Decoded field    42: [MC-1]
2017-11-07 16:39:55.184 [3] DEBUG - Acquirer child-1 raw received data consumed in the pipeline 48 byte/s:
     1 |...." ...À........9U| 00 2E 08 00 22 20 01 00 00 C0 00 00 99 00 00 11 07 16 39 55
    21 |..8..12      MC-1   | 00 00 38 01 01 31 32 20 20 20 20 20 20 4D 43 2D 31 20 20 20
    41 |        |             20 20 20 20 20 20 20 20
2017-11-07 16:39:55.184 [3] INFO - Acquirer child-1 received message: M:800,0:[3,7,11,24,41,42],3:990000,7:1107163955,11:38,24:101,41:12,42:MC-1
2017-11-07 16:39:55.188 [4] INFO - Acquirer child-1 message to send: M:810,0:[3,7,11,24,39,41,42],3:990000,7:1107163955,11:38,24:101,39:00,41:12,42:MC-1
2017-11-07 16:39:55.188 [4] DEBUG - Acquirer child-1 raw data to send (50 bytes): 
     1 |.0.." ...À........9U| 00 30 08 10 22 20 01 00 02 C0 00 00 99 00 00 11 07 16 39 55
    21 |..8..0012      MC-1 | 00 00 38 01 01 30 30 31 32 20 20 20 20 20 20 4D 43 2D 31 20
    41 |          |           20 20 20 20 20 20 20 20 20 20
2017-11-07 16:39:57.181 [3] DEBUG - Frame delimiter of 46 byte/s fulfilled.
2017-11-07 16:39:57.181 [3] DEBUG - Decoded field     0: [3,7,11,24,41,42]
2017-11-07 16:39:57.181 [3] DEBUG - Decoded field     3: [990000]
2017-11-07 16:39:57.181 [3] DEBUG - Decoded field     7: [1107163957]
2017-11-07 16:39:57.185 [3] DEBUG - Decoded field    11: [39]
2017-11-07 16:39:57.185 [3] DEBUG - Decoded field    24: [101]
2017-11-07 16:39:57.185 [3] DEBUG - Decoded field    41: [12]
2017-11-07 16:39:57.185 [3] DEBUG - Decoded field    42: [MC-1]
2017-11-07 16:39:57.185 [3] DEBUG - Acquirer child-1 raw received data consumed in the pipeline 48 byte/s:
     1 |...." ...À........9W| 00 2E 08 00 22 20 01 00 00 C0 00 00 99 00 00 11 07 16 39 57
    21 |..9..12      MC-1   | 00 00 39 01 01 31 32 20 20 20 20 20 20 4D 43 2D 31 20 20 20
    41 |        |             20 20 20 20 20 20 20 20
2017-11-07 16:39:57.185 [3] INFO - Acquirer child-1 received message: M:800,0:[3,7,11,24,41,42],3:990000,7:1107163957,11:39,24:101,41:12,42:MC-1
2017-11-07 16:39:57.185 [4] INFO - Acquirer child-1 message to send: M:810,0:[3,7,11,24,39,41,42],3:990000,7:1107163957,11:39,24:101,39:00,41:12,42:MC-1
2017-11-07 16:39:57.185 [4] DEBUG - Acquirer child-1 raw data to send (50 bytes): 
     1 |.0.." ...À........9W| 00 30 08 10 22 20 01 00 02 C0 00 00 99 00 00 11 07 16 39 57
    21 |..9..0012      MC-1 | 00 00 39 01 01 30 30 31 32 20 20 20 20 20 20 4D 43 2D 31 20
    41 |          |           20 20 20 20 20 20 20 20 20 20
2017-11-07 16:39:59.181 [3] DEBUG - Frame delimiter of 46 byte/s fulfilled.
2017-11-07 16:39:59.181 [3] DEBUG - Decoded field     0: [3,7,11,24,41,42]
2017-11-07 16:39:59.185 [3] DEBUG - Decoded field     3: [990000]
2017-11-07 16:39:59.185 [3] DEBUG - Decoded field     7: [1107163959]
2017-11-07 16:39:59.185 [3] DEBUG - Decoded field    11: [40]
2017-11-07 16:39:59.189 [3] DEBUG - Decoded field    24: [101]
2017-11-07 16:39:59.189 [3] DEBUG - Decoded field    41: [12]
2017-11-07 16:39:59.189 [3] DEBUG - Decoded field    42: [MC-1]
2017-11-07 16:39:59.189 [3] DEBUG - Acquirer child-1 raw received data consumed in the pipeline 48 byte/s:
     1 |...." ...À........9Y| 00 2E 08 00 22 20 01 00 00 C0 00 00 99 00 00 11 07 16 39 59
    21 |..@..12      MC-1   | 00 00 40 01 01 31 32 20 20 20 20 20 20 4D 43 2D 31 20 20 20
    41 |        |             20 20 20 20 20 20 20 20
2017-11-07 16:39:59.189 [3] INFO - Acquirer child-1 received message: M:800,0:[3,7,11,24,41,42],3:990000,7:1107163959,11:40,24:101,41:12,42:MC-1
2017-11-07 16:39:59.189 [4] INFO - Acquirer child-1 message to send: M:810,0:[3,7,11,24,39,41,42],3:990000,7:1107163959,11:40,24:101,39:00,41:12,42:MC-1
2017-11-07 16:39:59.189 [4] DEBUG - Acquirer child-1 raw data to send (50 bytes): 
     1 |.0.." ...À........9Y| 00 30 08 10 22 20 01 00 02 C0 00 00 99 00 00 11 07 16 39 59
    21 |..@..0012      MC-1 | 00 00 40 01 01 30 30 31 32 20 20 20 20 20 20 4D 43 2D 31 20
    41 |          |           20 20 20 20 20 20 20 20 20 20
2017-11-07 16:40:01.183 [3] DEBUG - Frame delimiter of 46 byte/s fulfilled.
2017-11-07 16:40:01.183 [3] DEBUG - Decoded field     0: [3,7,11,24,41,42]
2017-11-07 16:40:01.186 [3] DEBUG - Decoded field     3: [990000]
2017-11-07 16:40:01.186 [3] DEBUG - Decoded field     7: [1107164001]
2017-11-07 16:40:01.186 [3] DEBUG - Decoded field    11: [41]
2017-11-07 16:40:01.186 [3] DEBUG - Decoded field    24: [101]
2017-11-07 16:40:01.190 [3] DEBUG - Decoded field    41: [12]
2017-11-07 16:40:01.190 [3] DEBUG - Decoded field    42: [MC-1]
2017-11-07 16:40:01.190 [3] DEBUG - Acquirer child-1 raw received data consumed in the pipeline 48 byte/s:
     1 |...." ...À........@.| 00 2E 08 00 22 20 01 00 00 C0 00 00 99 00 00 11 07 16 40 01
    21 |..A..12      MC-1   | 00 00 41 01 01 31 32 20 20 20 20 20 20 4D 43 2D 31 20 20 20
    41 |        |             20 20 20 20 20 20 20 20
2017-11-07 16:40:01.190 [3] INFO - Acquirer child-1 received message: M:800,0:[3,7,11,24,41,42],3:990000,7:1107164001,11:41,24:101,41:12,42:MC-1
2017-11-07 16:40:01.194 [4] INFO - Acquirer child-1 message to send: M:810,0:[3,7,11,24,39,41,42],3:990000,7:1107164001,11:41,24:101,39:00,41:12,42:MC-1
2017-11-07 16:40:01.194 [4] DEBUG - Acquirer child-1 raw data to send (50 bytes): 
     1 |.0.." ...À........@.| 00 30 08 10 22 20 01 00 02 C0 00 00 99 00 00 11 07 16 40 01
    21 |..A..0012      MC-1 | 00 00 41 01 01 30 30 31 32 20 20 20 20 20 20 4D 43 2D 31 20
    41 |          |           20 20 20 20 20 20 20 20 20 20
2017-11-07 16:40:03.185 [8] DEBUG - Frame delimiter of 46 byte/s fulfilled.
2017-11-07 16:40:03.185 [8] DEBUG - Decoded field     0: [3,7,11,24,41,42]
2017-11-07 16:40:03.189 [8] DEBUG - Decoded field     3: [990000]
2017-11-07 16:40:03.189 [8] DEBUG - Decoded field     7: [1107164003]
2017-11-07 16:40:03.192 [8] DEBUG - Decoded field    11: [42]
2017-11-07 16:40:03.192 [8] DEBUG - Decoded field    24: [101]
2017-11-07 16:40:03.192 [8] DEBUG - Decoded field    41: [12]
2017-11-07 16:40:03.192 [8] DEBUG - Decoded field    42: [MC-1]
2017-11-07 16:40:03.196 [8] DEBUG - Acquirer child-1 raw received data consumed in the pipeline 48 byte/s:
     1 |...." ...À........@.| 00 2E 08 00 22 20 01 00 00 C0 00 00 99 00 00 11 07 16 40 03
    21 |..B..12      MC-1   | 00 00 42 01 01 31 32 20 20 20 20 20 20 4D 43 2D 31 20 20 20
    41 |        |             20 20 20 20 20 20 20 20
2017-11-07 16:40:03.196 [8] INFO - Acquirer child-1 received message: M:800,0:[3,7,11,24,41,42],3:990000,7:1107164003,11:42,24:101,41:12,42:MC-1
2017-11-07 16:40:03.196 [4] INFO - Acquirer child-1 message to send: M:810,0:[3,7,11,24,39,41,42],3:990000,7:1107164003,11:42,24:101,39:00,41:12,42:MC-1
2017-11-07 16:40:03.200 [4] DEBUG - Acquirer child-1 raw data to send (50 bytes): 
     1 |.0.." ...À........@.| 00 30 08 10 22 20 01 00 02 C0 00 00 99 00 00 11 07 16 40 03
    21 |..B..0012      MC-1 | 00 00 42 01 01 30 30 31 32 20 20 20 20 20 20 4D 43 2D 31 20
    41 |          |           20 20 20 20 20 20 20 20 20 20
2017-11-07 16:40:05.188 [8] DEBUG - Frame delimiter of 46 byte/s fulfilled.
2017-11-07 16:40:05.188 [8] DEBUG - Decoded field     0: [3,7,11,24,41,42]
2017-11-07 16:40:05.191 [8] DEBUG - Decoded field     3: [990000]
2017-11-07 16:40:05.191 [8] DEBUG - Decoded field     7: [1107164005]
2017-11-07 16:40:05.191 [8] DEBUG - Decoded field    11: [43]
2017-11-07 16:40:05.191 [8] DEBUG - Decoded field    24: [101]
2017-11-07 16:40:05.191 [8] DEBUG - Decoded field    41: [12]
2017-11-07 16:40:05.195 [8] DEBUG - Decoded field    42: [MC-1]
2017-11-07 16:40:05.195 [8] DEBUG - Acquirer child-1 raw received data consumed in the pipeline 48 byte/s:
     1 |...." ...À........@.| 00 2E 08 00 22 20 01 00 00 C0 00 00 99 00 00 11 07 16 40 05
    21 |..C..12      MC-1   | 00 00 43 01 01 31 32 20 20 20 20 20 20 4D 43 2D 31 20 20 20
    41 |        |             20 20 20 20 20 20 20 20
2017-11-07 16:40:05.195 [8] INFO - Acquirer child-1 received message: M:800,0:[3,7,11,24,41,42],3:990000,7:1107164005,11:43,24:101,41:12,42:MC-1
2017-11-07 16:40:05.195 [4] INFO - Acquirer child-1 message to send: M:810,0:[3,7,11,24,39,41,42],3:990000,7:1107164005,11:43,24:101,39:00,41:12,42:MC-1
2017-11-07 16:40:05.195 [4] DEBUG - Acquirer child-1 raw data to send (50 bytes): 
     1 |.0.." ...À........@.| 00 30 08 10 22 20 01 00 02 C0 00 00 99 00 00 11 07 16 40 05
    21 |..C..0012      MC-1 | 00 00 43 01 01 30 30 31 32 20 20 20 20 20 20 4D 43 2D 31 20
    41 |          |           20 20 20 20 20 20 20 20 20 20
2017-11-07 16:40:07.190 [8] DEBUG - Frame delimiter of 46 byte/s fulfilled.
2017-11-07 16:40:07.190 [8] DEBUG - Decoded field     0: [3,7,11,24,41,42]
2017-11-07 16:40:07.194 [8] DEBUG - Decoded field     3: [990000]
2017-11-07 16:40:07.194 [8] DEBUG - Decoded field     7: [1107164007]
2017-11-07 16:40:07.194 [8] DEBUG - Decoded field    11: [44]
2017-11-07 16:40:07.194 [8] DEBUG - Decoded field    24: [101]
2017-11-07 16:40:07.198 [8] DEBUG - Decoded field    41: [12]
2017-11-07 16:40:07.198 [8] DEBUG - Decoded field    42: [MC-1]
2017-11-07 16:40:07.198 [8] DEBUG - Acquirer child-1 raw received data consumed in the pipeline 48 byte/s:
     1 |...." ...À........@.| 00 2E 08 00 22 20 01 00 00 C0 00 00 99 00 00 11 07 16 40 07
    21 |..D..12      MC-1   | 00 00 44 01 01 31 32 20 20 20 20 20 20 4D 43 2D 31 20 20 20
    41 |        |             20 20 20 20 20 20 20 20
2017-11-07 16:40:07.198 [8] INFO - Acquirer child-1 received message: M:800,0:[3,7,11,24,41,42],3:990000,7:1107164007,11:44,24:101,41:12,42:MC-1
2017-11-07 16:40:07.198 [4] INFO - Acquirer child-1 message to send: M:810,0:[3,7,11,24,39,41,42],3:990000,7:1107164007,11:44,24:101,39:00,41:12,42:MC-1
2017-11-07 16:40:07.198 [4] DEBUG - Acquirer child-1 raw data to send (50 bytes): 
     1 |.0.." ...À........@.| 00 30 08 10 22 20 01 00 02 C0 00 00 99 00 00 11 07 16 40 07
    21 |..D..0012      MC-1 | 00 00 44 01 01 30 30 31 32 20 20 20 20 20 20 4D 43 2D 31 20
    41 |          |           20 20 20 20 20 20 20 20 20 20
2017-11-07 16:40:09.193 [8] DEBUG - Frame delimiter of 46 byte/s fulfilled.
2017-11-07 16:40:09.193 [8] DEBUG - Decoded field     0: [3,7,11,24,41,42]
2017-11-07 16:40:09.196 [8] DEBUG - Decoded field     3: [990000]
2017-11-07 16:40:09.196 [8] DEBUG - Decoded field     7: [1107164009]
2017-11-07 16:40:09.196 [8] DEBUG - Decoded field    11: [45]
2017-11-07 16:40:09.196 [8] DEBUG - Decoded field    24: [101]
2017-11-07 16:40:09.200 [8] DEBUG - Decoded field    41: [12]
2017-11-07 16:40:09.200 [8] DEBUG - Decoded field    42: [MC-1]
2017-11-07 16:40:09.200 [8] DEBUG - Acquirer child-1 raw received data consumed in the pipeline 48 byte/s:
     1 |...." ...À........@.| 00 2E 08 00 22 20 01 00 00 C0 00 00 99 00 00 11 07 16 40 09
    21 |..E..12      MC-1   | 00 00 45 01 01 31 32 20 20 20 20 20 20 4D 43 2D 31 20 20 20
    41 |        |             20 20 20 20 20 20 20 20
2017-11-07 16:40:09.200 [8] INFO - Acquirer child-1 received message: M:800,0:[3,7,11,24,41,42],3:990000,7:1107164009,11:45,24:101,41:12,42:MC-1
2017-11-07 16:40:09.200 [4] INFO - Acquirer child-1 message to send: M:810,0:[3,7,11,24,39,41,42],3:990000,7:1107164009,11:45,24:101,39:00,41:12,42:MC-1
2017-11-07 16:40:09.200 [4] DEBUG - Acquirer child-1 raw data to send (50 bytes): 
     1 |.0.." ...À........@.| 00 30 08 10 22 20 01 00 02 C0 00 00 99 00 00 11 07 16 40 09
    21 |..E..0012      MC-1 | 00 00 45 01 01 30 30 31 32 20 20 20 20 20 20 4D 43 2D 31 20
    41 |          |           20 20 20 20 20 20 20 20 20 20
2017-11-07 16:40:11.195 [8] DEBUG - Frame delimiter of 46 byte/s fulfilled.
2017-11-07 16:40:11.195 [8] DEBUG - Decoded field     0: [3,7,11,24,41,42]
2017-11-07 16:40:11.199 [8] DEBUG - Decoded field     3: [990000]
2017-11-07 16:40:11.199 [8] DEBUG - Decoded field     7: [1107164011]
2017-11-07 16:40:11.203 [8] DEBUG - Decoded field    11: [46]
2017-11-07 16:40:11.203 [8] DEBUG - Decoded field    24: [101]
2017-11-07 16:40:11.203 [8] DEBUG - Decoded field    41: [12]
2017-11-07 16:40:11.203 [8] DEBUG - Decoded field    42: [MC-1]
2017-11-07 16:40:11.203 [8] DEBUG - Acquirer child-1 raw received data consumed in the pipeline 48 byte/s:
     1 |...." ...À........@.| 00 2E 08 00 22 20 01 00 00 C0 00 00 99 00 00 11 07 16 40 11
    21 |..F..12      MC-1   | 00 00 46 01 01 31 32 20 20 20 20 20 20 4D 43 2D 31 20 20 20
    41 |        |             20 20 20 20 20 20 20 20
2017-11-07 16:40:11.203 [8] INFO - Acquirer child-1 received message: M:800,0:[3,7,11,24,41,42],3:990000,7:1107164011,11:46,24:101,41:12,42:MC-1
2017-11-07 16:40:11.207 [4] INFO - Acquirer child-1 message to send: M:810,0:[3,7,11,24,39,41,42],3:990000,7:1107164011,11:46,24:101,39:00,41:12,42:MC-1
2017-11-07 16:40:11.211 [4] DEBUG - Acquirer child-1 raw data to send (50 bytes): 
     1 |.0.." ...À........@.| 00 30 08 10 22 20 01 00 02 C0 00 00 99 00 00 11 07 16 40 11
    21 |..F..0012      MC-1 | 00 00 46 01 01 30 30 31 32 20 20 20 20 20 20 4D 43 2D 31 20
    41 |          |           20 20 20 20 20 20 20 20 20 20
2017-11-07 16:40:13.197 [8] DEBUG - Frame delimiter of 46 byte/s fulfilled.
2017-11-07 16:40:13.197 [8] DEBUG - Decoded field     0: [3,7,11,24,41,42]
2017-11-07 16:40:13.197 [8] DEBUG - Decoded field     3: [990000]
2017-11-07 16:40:13.201 [8] DEBUG - Decoded field     7: [1107164013]
2017-11-07 16:40:13.201 [8] DEBUG - Decoded field    11: [47]
2017-11-07 16:40:13.201 [8] DEBUG - Decoded field    24: [101]
2017-11-07 16:40:13.201 [8] DEBUG - Decoded field    41: [12]
2017-11-07 16:40:13.205 [8] DEBUG - Decoded field    42: [MC-1]
2017-11-07 16:40:13.205 [8] DEBUG - Acquirer child-1 raw received data consumed in the pipeline 48 byte/s:
     1 |...." ...À........@.| 00 2E 08 00 22 20 01 00 00 C0 00 00 99 00 00 11 07 16 40 13
    21 |..G..12      MC-1   | 00 00 47 01 01 31 32 20 20 20 20 20 20 4D 43 2D 31 20 20 20
    41 |        |             20 20 20 20 20 20 20 20
2017-11-07 16:40:13.205 [8] INFO - Acquirer child-1 received message: M:800,0:[3,7,11,24,41,42],3:990000,7:1107164013,11:47,24:101,41:12,42:MC-1
2017-11-07 16:40:13.205 [4] INFO - Acquirer child-1 message to send: M:810,0:[3,7,11,24,39,41,42],3:990000,7:1107164013,11:47,24:101,39:00,41:12,42:MC-1
2017-11-07 16:40:13.205 [4] DEBUG - Acquirer child-1 raw data to send (50 bytes): 
     1 |.0.." ...À........@.| 00 30 08 10 22 20 01 00 02 C0 00 00 99 00 00 11 07 16 40 13
    21 |..G..0012      MC-1 | 00 00 47 01 01 30 30 31 32 20 20 20 20 20 20 4D 43 2D 31 20
    41 |          |           20 20 20 20 20 20 20 20 20 20
2017-11-07 16:40:15.198 [8] DEBUG - Frame delimiter of 46 byte/s fulfilled.
2017-11-07 16:40:15.198 [8] DEBUG - Decoded field     0: [3,7,11,24,41,42]
2017-11-07 16:40:15.202 [8] DEBUG - Decoded field     3: [990000]
2017-11-07 16:40:15.202 [8] DEBUG - Decoded field     7: [1107164015]
2017-11-07 16:40:15.202 [8] DEBUG - Decoded field    11: [48]
2017-11-07 16:40:15.202 [8] DEBUG - Decoded field    24: [101]
2017-11-07 16:40:15.206 [8] DEBUG - Decoded field    41: [12]
2017-11-07 16:40:15.206 [8] DEBUG - Decoded field    42: [MC-1]
2017-11-07 16:40:15.206 [8] DEBUG - Acquirer child-1 raw received data consumed in the pipeline 48 byte/s:
     1 |...." ...À........@.| 00 2E 08 00 22 20 01 00 00 C0 00 00 99 00 00 11 07 16 40 15
    21 |..H..12      MC-1   | 00 00 48 01 01 31 32 20 20 20 20 20 20 4D 43 2D 31 20 20 20
    41 |        |             20 20 20 20 20 20 20 20
2017-11-07 16:40:15.206 [8] INFO - Acquirer child-1 received message: M:800,0:[3,7,11,24,41,42],3:990000,7:1107164015,11:48,24:101,41:12,42:MC-1
2017-11-07 16:40:15.206 [4] INFO - Acquirer child-1 message to send: M:810,0:[3,7,11,24,39,41,42],3:990000,7:1107164015,11:48,24:101,39:00,41:12,42:MC-1
2017-11-07 16:40:15.206 [4] DEBUG - Acquirer child-1 raw data to send (50 bytes): 
     1 |.0.." ...À........@.| 00 30 08 10 22 20 01 00 02 C0 00 00 99 00 00 11 07 16 40 15
    21 |..H..0012      MC-1 | 00 00 48 01 01 30 30 31 32 20 20 20 20 20 20 4D 43 2D 31 20
    41 |          |           20 20 20 20 20 20 20 20 20 20
2017-11-07 16:40:17.201 [8] DEBUG - Frame delimiter of 46 byte/s fulfilled.
2017-11-07 16:40:17.201 [8] DEBUG - Decoded field     0: [3,7,11,24,41,42]
2017-11-07 16:40:17.205 [8] DEBUG - Decoded field     3: [990000]
2017-11-07 16:40:17.209 [8] DEBUG - Decoded field     7: [1107164017]
2017-11-07 16:40:17.209 [8] DEBUG - Decoded field    11: [49]
2017-11-07 16:40:17.209 [8] DEBUG - Decoded field    24: [101]
2017-11-07 16:40:17.209 [8] DEBUG - Decoded field    41: [12]
2017-11-07 16:40:17.209 [8] DEBUG - Decoded field    42: [MC-1]
2017-11-07 16:40:17.209 [8] DEBUG - Acquirer child-1 raw received data consumed in the pipeline 48 byte/s:
     1 |...." ...À........@.| 00 2E 08 00 22 20 01 00 00 C0 00 00 99 00 00 11 07 16 40 17
    21 |..I..12      MC-1   | 00 00 49 01 01 31 32 20 20 20 20 20 20 4D 43 2D 31 20 20 20
    41 |        |             20 20 20 20 20 20 20 20
2017-11-07 16:40:17.209 [8] INFO - Acquirer child-1 received message: M:800,0:[3,7,11,24,41,42],3:990000,7:1107164017,11:49,24:101,41:12,42:MC-1
2017-11-07 16:40:17.209 [4] INFO - Acquirer child-1 message to send: M:810,0:[3,7,11,24,39,41,42],3:990000,7:1107164017,11:49,24:101,39:00,41:12,42:MC-1
2017-11-07 16:40:17.213 [4] DEBUG - Acquirer child-1 raw data to send (50 bytes): 
     1 |.0.." ...À........@.| 00 30 08 10 22 20 01 00 02 C0 00 00 99 00 00 11 07 16 40 17
    21 |..I..0012      MC-1 | 00 00 49 01 01 30 30 31 32 20 20 20 20 20 20 4D 43 2D 31 20
    41 |          |           20 20 20 20 20 20 20 20 20 20
2017-11-07 16:40:19.215 [9] DEBUG - Frame delimiter of 46 byte/s fulfilled.
2017-11-07 16:40:19.215 [9] DEBUG - Decoded field     0: [3,7,11,24,41,42]
2017-11-07 16:40:19.215 [9] DEBUG - Decoded field     3: [990000]
2017-11-07 16:40:19.223 [9] DEBUG - Decoded field     7: [1107164019]
2017-11-07 16:40:19.224 [9] DEBUG - Decoded field    11: [50]
2017-11-07 16:40:19.224 [9] DEBUG - Decoded field    24: [101]
2017-11-07 16:40:19.225 [9] DEBUG - Decoded field    41: [12]
2017-11-07 16:40:19.225 [9] DEBUG - Decoded field    42: [MC-1]
2017-11-07 16:40:19.227 [9] DEBUG - Acquirer child-1 raw received data consumed in the pipeline 48 byte/s:
     1 |...." ...À........@.| 00 2E 08 00 22 20 01 00 00 C0 00 00 99 00 00 11 07 16 40 19
    21 |..P..12      MC-1   | 00 00 50 01 01 31 32 20 20 20 20 20 20 4D 43 2D 31 20 20 20
    41 |        |             20 20 20 20 20 20 20 20
2017-11-07 16:40:19.228 [9] INFO - Acquirer child-1 received message: M:800,0:[3,7,11,24,41,42],3:990000,7:1107164019,11:50,24:101,41:12,42:MC-1
2017-11-07 16:40:19.228 [4] INFO - Acquirer child-1 message to send: M:810,0:[3,7,11,24,39,41,42],3:990000,7:1107164019,11:50,24:101,39:00,41:12,42:MC-1
2017-11-07 16:40:19.229 [4] DEBUG - Acquirer child-1 raw data to send (50 bytes): 
     1 |.0.." ...À........@.| 00 30 08 10 22 20 01 00 02 C0 00 00 99 00 00 11 07 16 40 19
    21 |..P..0012      MC-1 | 00 00 50 01 01 30 30 31 32 20 20 20 20 20 20 4D 43 2D 31 20
    41 |          |           20 20 20 20 20 20 20 20 20 20
