[Startup]
2017-11-07 16:37:49.304 [1] INFO - Merchant: connecting to 127.0.0.1:8583 from local end point 0.0.0.0:0.
2017-11-07 16:37:50.664 [3] WARN - Merchant: connection refused, No connection could be made because the target machine actively refused it 127.0.0.1:8583.
2017-11-07 16:37:50.781 [1] INFO - Merchant is running, press any key to stop it...
2017-11-07 16:37:50.781 [6] INFO - Merchant: connecting to 127.0.0.1:8583 from local end point 0.0.0.0:0.
2017-11-07 16:37:51.873 [7] INFO - Merchant: next reconnection attempt in 1 second/s.
2017-11-07 16:37:51.873 [7] WARN - Merchant: connection refused, No connection could be made because the target machine actively refused it 127.0.0.1:8583.
2017-11-07 16:37:52.887 [8] INFO - Merchant: connecting to 127.0.0.1:8583 from local end point 0.0.0.0:0.
2017-11-07 16:37:53.895 [3] INFO - Merchant: next reconnection attempt in 2 second/s.
2017-11-07 16:37:53.895 [3] WARN - Merchant: connection refused, No connection could be made because the target machine actively refused it 127.0.0.1:8583.
2017-11-07 16:37:55.898 [6] INFO - Merchant: connecting to 127.0.0.1:8583 from local end point 0.0.0.0:0.
2017-11-07 16:37:56.902 [3] INFO - Merchant: next reconnection attempt in 4 second/s.
2017-11-07 16:37:56.902 [3] WARN - Merchant: connection refused, No connection could be made because the target machine actively refused it 127.0.0.1:8583.
2017-11-07 16:38:00.905 [8] INFO - Merchant: connecting to 127.0.0.1:8583 from local end point 0.0.0.0:0.
2017-11-07 16:38:01.914 [3] INFO - Merchant: next reconnection attempt in 8 second/s.
2017-11-07 16:38:01.914 [3] WARN - Merchant: connection refused, No connection could be made because the target machine actively refused it 127.0.0.1:8583.
[Startup]
2017-11-07 16:38:40.060 [1] INFO - Merchant: connecting to 127.0.0.1:8583 from local end point 0.0.0.0:0.
2017-11-07 16:38:40.071 [1] INFO - Merchant is running, press any key to stop it...
2017-11-07 16:38:40.071 [3] INFO - Merchant: connected to 127.0.0.1:8583 from local end point 127.0.0.1:53425.
2017-11-07 16:38:41.064 [7] INFO - Merchant message to send: M:800,0:[3,7,11,24,41,42],3:990000,7:1107163841,11:1,24:101,41:12,42:MC-1
2017-11-07 16:38:41.111 [3] INFO - Merchant received message: M:810,0:[3,7,11,24,39,41,42],3:990000,7:1107163841,11:1,24:101,39:00,41:12,42:MC-1
2017-11-07 16:38:43.053 [8] INFO - Merchant message to send: M:800,0:[3,7,11,24,41,42],3:990000,7:1107163843,11:2,24:101,41:12,42:MC-1
2017-11-07 16:38:43.057 [3] INFO - Merchant received message: M:810,0:[3,7,11,24,39,41,42],3:990000,7:1107163843,11:2,24:101,39:00,41:12,42:MC-1
2017-11-07 16:38:45.056 [7] INFO - Merchant message to send: M:800,0:[3,7,11,24,41,42],3:990000,7:1107163845,11:3,24:101,41:12,42:MC-1
2017-11-07 16:38:45.063 [3] INFO - Merchant received message: M:810,0:[3,7,11,24,39,41,42],3:990000,7:1107163845,11:3,24:101,39:00,41:12,42:MC-1
2017-11-07 16:38:47.059 [8] INFO - Merchant message to send: M:800,0:[3,7,11,24,41,42],3:990000,7:1107163847,11:4,24:101,41:12,42:MC-1
2017-11-07 16:38:47.063 [3] INFO - Merchant received message: M:810,0:[3,7,11,24,39,41,42],3:990000,7:1107163847,11:4,24:101,39:00,41:12,42:MC-1
2017-11-07 16:38:49.060 [8] INFO - Merchant message to send: M:800,0:[3,7,11,24,41,42],3:990000,7:1107163849,11:5,24:101,41:12,42:MC-1
2017-11-07 16:38:49.276 [3] INFO - Merchant received message: M:810,0:[3,7,11,24,39,41,42],3:990000,7:1107163849,11:5,24:101,39:00,41:12,42:MC-1
2017-11-07 16:38:51.063 [7] INFO - Merchant message to send: M:800,0:[3,7,11,24,41,42],3:990000,7:1107163851,11:6,24:101,41:12,42:MC-1
2017-11-07 16:38:51.067 [3] INFO - Merchant received message: M:810,0:[3,7,11,24,39,41,42],3:990000,7:1107163851,11:6,24:101,39:00,41:12,42:MC-1
2017-11-07 16:38:53.065 [7] INFO - Merchant message to send: M:800,0:[3,7,11,24,41,42],3:990000,7:1107163853,11:7,24:101,41:12,42:MC-1
2017-11-07 16:38:53.069 [3] INFO - Merchant received message: M:810,0:[3,7,11,24,39,41,42],3:990000,7:1107163853,11:7,24:101,39:00,41:12,42:MC-1
2017-11-07 16:38:55.067 [7] INFO - Merchant message to send: M:800,0:[3,7,11,24,41,42],3:990000,7:1107163855,11:8,24:101,41:12,42:MC-1
2017-11-07 16:38:55.067 [3] INFO - Merchant received message: M:810,0:[3,7,11,24,39,41,42],3:990000,7:1107163855,11:8,24:101,39:00,41:12,42:MC-1
2017-11-07 16:38:57.069 [8] INFO - Merchant message to send: M:800,0:[3,7,11,24,41,42],3:990000,7:1107163857,11:9,24:101,41:12,42:MC-1
2017-11-07 16:38:57.073 [6] INFO - Merchant received message: M:810,0:[3,7,11,24,39,41,42],3:990000,7:1107163857,11:9,24:101,39:00,41:12,42:MC-1
2017-11-07 16:38:59.070 [7] INFO - Merchant message to send: M:800,0:[3,7,11,24,41,42],3:990000,7:1107163859,11:10,24:101,41:12,42:MC-1
2017-11-07 16:38:59.070 [3] INFO - Merchant received message: M:810,0:[3,7,11,24,39,41,42],3:990000,7:1107163859,11:10,24:101,39:00,41:12,42:MC-1
2017-11-07 16:39:01.085 [7] INFO - Merchant message to send: M:800,0:[3,7,11,24,41,42],3:990000,7:1107163901,11:11,24:101,41:12,42:MC-1
2017-11-07 16:39:01.085 [3] INFO - Merchant received message: M:810,0:[3,7,11,24,39,41,42],3:990000,7:1107163901,11:11,24:101,39:00,41:12,42:MC-1
2017-11-07 16:39:03.101 [8] INFO - Merchant message to send: M:800,0:[3,7,11,24,41,42],3:990000,7:1107163903,11:12,24:101,41:12,42:MC-1
2017-11-07 16:39:03.101 [3] INFO - Merchant received message: M:810,0:[3,7,11,24,39,41,42],3:990000,7:1107163903,11:12,24:101,39:00,41:12,42:MC-1
2017-11-07 16:39:05.102 [8] INFO - Merchant message to send: M:800,0:[3,7,11,24,41,42],3:990000,7:1107163905,11:13,24:101,41:12,42:MC-1
2017-11-07 16:39:05.113 [3] INFO - Merchant received message: M:810,0:[3,7,11,24,39,41,42],3:990000,7:1107163905,11:13,24:101,39:00,41:12,42:MC-1
2017-11-07 16:39:07.103 [8] INFO - Merchant message to send: M:800,0:[3,7,11,24,41,42],3:990000,7:1107163907,11:14,24:101,41:12,42:MC-1
2017-11-07 16:39:07.115 [6] INFO - Merchant received message: M:810,0:[3,7,11,24,39,41,42],3:990000,7:1107163907,11:14,24:101,39:00,41:12,42:MC-1
2017-11-07 16:39:09.107 [7] INFO - Merchant message to send: M:800,0:[3,7,11,24,41,42],3:990000,7:1107163909,11:15,24:101,41:12,42:MC-1
2017-11-07 16:39:09.122 [3] INFO - Merchant received message: M:810,0:[3,7,11,24,39,41,42],3:990000,7:1107163909,11:15,24:101,39:00,41:12,42:MC-1
2017-11-07 16:39:11.109 [8] INFO - Merchant message to send: M:800,0:[3,7,11,24,41,42],3:990000,7:1107163911,11:16,24:101,41:12,42:MC-1
2017-11-07 16:39:13.111 [8] INFO - Merchant message to send: M:800,0:[3,7,11,24,41,42],3:990000,7:1107163913,11:17,24:101,41:12,42:MC-1
2017-11-07 16:39:15.113 [7] INFO - Merchant message to send: M:800,0:[3,7,11,24,41,42],3:990000,7:1107163915,11:18,24:101,41:12,42:MC-1
2017-11-07 16:39:17.116 [9] INFO - Merchant message to send: M:800,0:[3,7,11,24,41,42],3:990000,7:1107163917,11:19,24:101,41:12,42:MC-1
2017-11-07 16:39:19.117 [8] INFO - Merchant message to send: M:800,0:[3,7,11,24,41,42],3:990000,7:1107163919,11:20,24:101,41:12,42:MC-1
2017-11-07 16:39:21.121 [9] INFO - Merchant message to send: M:800,0:[3,7,11,24,41,42],3:990000,7:1107163921,11:21,24:101,41:12,42:MC-1
2017-11-07 16:39:23.125 [8] INFO - Merchant message to send: M:800,0:[3,7,11,24,41,42],3:990000,7:1107163923,11:22,24:101,41:12,42:MC-1
2017-11-07 16:39:25.125 [7] INFO - Merchant message to send: M:800,0:[3,7,11,24,41,42],3:990000,7:1107163925,11:23,24:101,41:12,42:MC-1
2017-11-07 16:39:27.127 [7] INFO - Merchant message to send: M:800,0:[3,7,11,24,41,42],3:990000,7:1107163927,11:24,24:101,41:12,42:MC-1
2017-11-07 16:39:29.137 [9] INFO - Merchant message to send: M:800,0:[3,7,11,24,41,42],3:990000,7:1107163929,11:25,24:101,41:12,42:MC-1
2017-11-07 16:39:31.140 [8] INFO - Merchant message to send: M:800,0:[3,7,11,24,41,42],3:990000,7:1107163931,11:26,24:101,41:12,42:MC-1
2017-11-07 16:39:33.141 [9] INFO - Merchant message to send: M:800,0:[3,7,11,24,41,42],3:990000,7:1107163933,11:27,24:101,41:12,42:MC-1
2017-11-07 16:39:35.144 [9] INFO - Merchant message to send: M:800,0:[3,7,11,24,41,42],3:990000,7:1107163935,11:28,24:101,41:12,42:MC-1
2017-11-07 16:39:37.147 [8] INFO - Merchant message to send: M:800,0:[3,7,11,24,41,42],3:990000,7:1107163937,11:29,24:101,41:12,42:MC-1
2017-11-07 16:39:39.149 [9] INFO - Merchant message to send: M:800,0:[3,7,11,24,41,42],3:990000,7:1107163939,11:30,24:101,41:12,42:MC-1
2017-11-07 16:39:41.151 [8] INFO - Merchant message to send: M:800,0:[3,7,11,24,41,42],3:990000,7:1107163941,11:31,24:101,41:12,42:MC-1
2017-11-07 16:39:43.152 [9] INFO - Merchant message to send: M:800,0:[3,7,11,24,41,42],3:990000,7:1107163943,11:32,24:101,41:12,42:MC-1
2017-11-07 16:39:44.854 [3] INFO - Merchant received message: M:810,0:[3,7,11,24,39,41,42],3:990000,7:1107163911,11:16,24:101,39:00,41:12,42:MC-1
2017-11-07 16:39:45.003 [3] INFO - Merchant received message: M:810,0:[3,7,11,24,39,41,42],3:990000,7:1107163913,11:17,24:101,39:00,41:12,42:MC-1
2017-11-07 16:39:45.039 [3] INFO - Merchant received message: M:810,0:[3,7,11,24,39,41,42],3:990000,7:1107163915,11:18,24:101,39:00,41:12,42:MC-1
2017-11-07 16:39:45.066 [3] INFO - Merchant received message: M:810,0:[3,7,11,24,39,41,42],3:990000,7:1107163917,11:19,24:101,39:00,41:12,42:MC-1
2017-11-07 16:39:45.070 [3] INFO - Merchant received message: M:810,0:[3,7,11,24,39,41,42],3:990000,7:1107163919,11:20,24:101,39:00,41:12,42:MC-1
2017-11-07 16:39:45.074 [3] INFO - Merchant received message: M:810,0:[3,7,11,24,39,41,42],3:990000,7:1107163921,11:21,24:101,39:00,41:12,42:MC-1
2017-11-07 16:39:45.078 [3] INFO - Merchant received message: M:810,0:[3,7,11,24,39,41,42],3:990000,7:1107163923,11:22,24:101,39:00,41:12,42:MC-1
2017-11-07 16:39:45.079 [3] INFO - Merchant received message: M:810,0:[3,7,11,24,39,41,42],3:990000,7:1107163925,11:23,24:101,39:00,41:12,42:MC-1
2017-11-07 16:39:45.080 [3] INFO - Merchant received message: M:810,0:[3,7,11,24,39,41,42],3:990000,7:1107163927,11:24,24:101,39:00,41:12,42:MC-1
2017-11-07 16:39:45.085 [3] INFO - Merchant received message: M:810,0:[3,7,11,24,39,41,42],3:990000,7:1107163929,11:25,24:101,39:00,41:12,42:MC-1
2017-11-07 16:39:45.088 [3] INFO - Merchant received message: M:810,0:[3,7,11,24,39,41,42],3:990000,7:1107163931,11:26,24:101,39:00,41:12,42:MC-1
2017-11-07 16:39:45.092 [3] INFO - Merchant received message: M:810,0:[3,7,11,24,39,41,42],3:990000,7:1107163933,11:27,24:101,39:00,41:12,42:MC-1
2017-11-07 16:39:45.092 [3] INFO - Merchant received message: M:810,0:[3,7,11,24,39,41,42],3:990000,7:1107163935,11:28,24:101,39:00,41:12,42:MC-1
2017-11-07 16:39:45.092 [3] INFO - Merchant received message: M:810,0:[3,7,11,24,39,41,42],3:990000,7:1107163937,11:29,24:101,39:00,41:12,42:MC-1
2017-11-07 16:39:45.100 [3] INFO - Merchant received message: M:810,0:[3,7,11,24,39,41,42],3:990000,7:1107163939,11:30,24:101,39:00,41:12,42:MC-1
2017-11-07 16:39:45.104 [3] INFO - Merchant received message: M:810,0:[3,7,11,24,39,41,42],3:990000,7:1107163941,11:31,24:101,39:00,41:12,42:MC-1
2017-11-07 16:39:45.104 [3] INFO - Merchant received message: M:810,0:[3,7,11,24,39,41,42],3:990000,7:1107163943,11:32,24:101,39:00,41:12,42:MC-1
2017-11-07 16:39:45.155 [8] INFO - Merchant message to send: M:800,0:[3,7,11,24,41,42],3:990000,7:1107163945,11:33,24:101,41:12,42:MC-1
2017-11-07 16:39:45.171 [3] INFO - Merchant received message: M:810,0:[3,7,11,24,39,41,42],3:990000,7:1107163945,11:33,24:101,39:00,41:12,42:MC-1
2017-11-07 16:39:47.172 [8] INFO - Merchant message to send: M:800,0:[3,7,11,24,41,42],3:990000,7:1107163947,11:34,24:101,41:12,42:MC-1
2017-11-07 16:39:47.182 [6] INFO - Merchant received message: M:810,0:[3,7,11,24,39,41,42],3:990000,7:1107163947,11:34,24:101,39:00,41:12,42:MC-1
2017-11-07 16:39:49.174 [8] INFO - Merchant message to send: M:800,0:[3,7,11,24,41,42],3:990000,7:1107163949,11:35,24:101,41:12,42:MC-1
2017-11-07 16:39:49.183 [3] INFO - Merchant received message: M:810,0:[3,7,11,24,39,41,42],3:990000,7:1107163949,11:35,24:101,39:00,41:12,42:MC-1
2017-11-07 16:39:51.175 [7] INFO - Merchant message to send: M:800,0:[3,7,11,24,41,42],3:990000,7:1107163951,11:36,24:101,41:12,42:MC-1
2017-11-07 16:39:51.184 [3] INFO - Merchant received message: M:810,0:[3,7,11,24,39,41,42],3:990000,7:1107163951,11:36,24:101,39:00,41:12,42:MC-1
2017-11-07 16:39:53.179 [8] INFO - Merchant message to send: M:800,0:[3,7,11,24,41,42],3:990000,7:1107163953,11:37,24:101,41:12,42:MC-1
2017-11-07 16:39:53.192 [6] INFO - Merchant received message: M:810,0:[3,7,11,24,39,41,42],3:990000,7:1107163953,11:37,24:101,39:00,41:12,42:MC-1
2017-11-07 16:39:55.180 [7] INFO - Merchant message to send: M:800,0:[3,7,11,24,41,42],3:990000,7:1107163955,11:38,24:101,41:12,42:MC-1
2017-11-07 16:39:55.190 [3] INFO - Merchant received message: M:810,0:[3,7,11,24,39,41,42],3:990000,7:1107163955,11:38,24:101,39:00,41:12,42:MC-1
2017-11-07 16:39:57.181 [7] INFO - Merchant message to send: M:800,0:[3,7,11,24,41,42],3:990000,7:1107163957,11:39,24:101,41:12,42:MC-1
2017-11-07 16:39:57.191 [3] INFO - Merchant received message: M:810,0:[3,7,11,24,39,41,42],3:990000,7:1107163957,11:39,24:101,39:00,41:12,42:MC-1
2017-11-07 16:39:59.181 [7] INFO - Merchant message to send: M:800,0:[3,7,11,24,41,42],3:990000,7:1107163959,11:40,24:101,41:12,42:MC-1
2017-11-07 16:39:59.199 [3] INFO - Merchant received message: M:810,0:[3,7,11,24,39,41,42],3:990000,7:1107163959,11:40,24:101,39:00,41:12,42:MC-1
2017-11-07 16:40:01.183 [7] INFO - Merchant message to send: M:800,0:[3,7,11,24,41,42],3:990000,7:1107164001,11:41,24:101,41:12,42:MC-1
2017-11-07 16:40:01.201 [3] INFO - Merchant received message: M:810,0:[3,7,11,24,39,41,42],3:990000,7:1107164001,11:41,24:101,39:00,41:12,42:MC-1
2017-11-07 16:40:03.185 [7] INFO - Merchant message to send: M:800,0:[3,7,11,24,41,42],3:990000,7:1107164003,11:42,24:101,41:12,42:MC-1
2017-11-07 16:40:03.205 [3] INFO - Merchant received message: M:810,0:[3,7,11,24,39,41,42],3:990000,7:1107164003,11:42,24:101,39:00,41:12,42:MC-1
2017-11-07 16:40:05.188 [7] INFO - Merchant message to send: M:800,0:[3,7,11,24,41,42],3:990000,7:1107164005,11:43,24:101,41:12,42:MC-1
2017-11-07 16:40:05.195 [3] INFO - Merchant received message: M:810,0:[3,7,11,24,39,41,42],3:990000,7:1107164005,11:43,24:101,39:00,41:12,42:MC-1
2017-11-07 16:40:07.190 [7] INFO - Merchant message to send: M:800,0:[3,7,11,24,41,42],3:990000,7:1107164007,11:44,24:101,41:12,42:MC-1
2017-11-07 16:40:07.198 [3] INFO - Merchant received message: M:810,0:[3,7,11,24,39,41,42],3:990000,7:1107164007,11:44,24:101,39:00,41:12,42:MC-1
2017-11-07 16:40:09.193 [7] INFO - Merchant message to send: M:800,0:[3,7,11,24,41,42],3:990000,7:1107164009,11:45,24:101,41:12,42:MC-1
2017-11-07 16:40:09.211 [10] INFO - Merchant received message: M:810,0:[3,7,11,24,39,41,42],3:990000,7:1107164009,11:45,24:101,39:00,41:12,42:MC-1
2017-11-07 16:40:11.195 [7] INFO - Merchant message to send: M:800,0:[3,7,11,24,41,42],3:990000,7:1107164011,11:46,24:101,41:12,42:MC-1
2017-11-07 16:40:11.213 [3] INFO - Merchant received message: M:810,0:[3,7,11,24,39,41,42],3:990000,7:1107164011,11:46,24:101,39:00,41:12,42:MC-1
2017-11-07 16:40:13.197 [8] INFO - Merchant message to send: M:800,0:[3,7,11,24,41,42],3:990000,7:1107164013,11:47,24:101,41:12,42:MC-1
2017-11-07 16:40:13.209 [3] INFO - Merchant received message: M:810,0:[3,7,11,24,39,41,42],3:990000,7:1107164013,11:47,24:101,39:00,41:12,42:MC-1
2017-11-07 16:40:15.198 [8] INFO - Merchant message to send: M:800,0:[3,7,11,24,41,42],3:990000,7:1107164015,11:48,24:101,41:12,42:MC-1
2017-11-07 16:40:15.210 [10] INFO - Merchant received message: M:810,0:[3,7,11,24,39,41,42],3:990000,7:1107164015,11:48,24:101,39:00,41:12,42:MC-1
2017-11-07 16:40:17.201 [7] INFO - Merchant message to send: M:800,0:[3,7,11,24,41,42],3:990000,7:1107164017,11:49,24:101,41:12,42:MC-1
2017-11-07 16:40:17.218 [3] INFO - Merchant received message: M:810,0:[3,7,11,24,39,41,42],3:990000,7:1107164017,11:49,24:101,39:00,41:12,42:MC-1
2017-11-07 16:40:19.215 [7] INFO - Merchant message to send: M:800,0:[3,7,11,24,41,42],3:990000,7:1107164019,11:50,24:101,41:12,42:MC-1
2017-11-07 16:40:19.230 [10] INFO - Merchant received message: M:810,0:[3,7,11,24,39,41,42],3:990000,7:1107164019,11:50,24:101,39:00,41:12,42:MC-1
2017-11-07 16:40:20.561 [10] INFO - Merchant: connection closed, An existing connection was forcibly closed by the remote host.
2017-11-07 16:40:20.562 [7] INFO - Merchant: connecting to 127.0.0.1:8583 from local end point 0.0.0.0:0.
